{"/home/runner/work/antx/antx/.astro/content-assets.mjs": {"path":"/home/runner/work/antx/antx/.astro/content-assets.mjs","all":true,"statementMap":{"0":{"start":{"line":1,"column":0},"end":{"line":1,"column":25}}},"s":{"0":0},"branchMap":{"0":{"type":"branch","line":1,"loc":{"start":{"line":1,"column":25},"end":{"line":1,"column":25}},"locations":[{"start":{"line":1,"column":25},"end":{"line":1,"column":25}}]}},"b":{"0":[0]},"fnMap":{"0":{"name":"(empty-report)","decl":{"start":{"line":1,"column":25},"end":{"line":1,"column":25}},"loc":{"start":{"line":1,"column":25},"end":{"line":1,"column":25}},"line":1}},"f":{"0":0}}
,"/home/runner/work/antx/antx/.astro/content-modules.mjs": {"path":"/home/runner/work/antx/antx/.astro/content-modules.mjs","all":true,"statementMap":{"0":{"start":{"line":1,"column":0},"end":{"line":1,"column":25}}},"s":{"0":0},"branchMap":{"0":{"type":"branch","line":1,"loc":{"start":{"line":1,"column":25},"end":{"line":1,"column":25}},"locations":[{"start":{"line":1,"column":25},"end":{"line":1,"column":25}}]}},"b":{"0":[0]},"fnMap":{"0":{"name":"(empty-report)","decl":{"start":{"line":1,"column":25},"end":{"line":1,"column":25}},"loc":{"start":{"line":1,"column":25},"end":{"line":1,"column":25}},"line":1}},"f":{"0":0}}
,"/home/runner/work/antx/antx/scripts/test-db-connection.ts": {"path":"/home/runner/work/antx/antx/scripts/test-db-connection.ts","all":true,"statementMap":{"0":{"start":{"line":1,"column":0},"end":{"line":1,"column":39}},"2":{"start":{"line":3,"column":0},"end":{"line":3,"column":33}},"3":{"start":{"line":4,"column":0},"end":{"line":4,"column":7}},"4":{"start":{"line":5,"column":0},"end":{"line":5,"column":28}},"5":{"start":{"line":6,"column":0},"end":{"line":6,"column":52}},"6":{"start":{"line":7,"column":0},"end":{"line":7,"column":31}},"7":{"start":{"line":8,"column":0},"end":{"line":8,"column":20}},"8":{"start":{"line":9,"column":0},"end":{"line":9,"column":19}},"9":{"start":{"line":10,"column":0},"end":{"line":10,"column":63}},"10":{"start":{"line":11,"column":0},"end":{"line":11,"column":20}},"11":{"start":{"line":12,"column":0},"end":{"line":12,"column":3}},"12":{"start":{"line":13,"column":0},"end":{"line":13,"column":1}},"14":{"start":{"line":15,"column":0},"end":{"line":15,"column":17}}},"s":{"0":0,"2":0,"3":0,"4":0,"5":0,"6":0,"7":0,"8":0,"9":0,"10":0,"11":0,"12":0,"14":0},"branchMap":{"0":{"type":"branch","line":1,"loc":{"start":{"line":1,"column":0},"end":{"line":15,"column":-94}},"locations":[{"start":{"line":1,"column":0},"end":{"line":15,"column":-94}}]}},"b":{"0":[0]},"fnMap":{"0":{"name":"(empty-report)","decl":{"start":{"line":1,"column":0},"end":{"line":15,"column":-94}},"loc":{"start":{"line":1,"column":0},"end":{"line":15,"column":-94}},"line":1}},"f":{"0":0}}
,"/home/runner/work/antx/antx/src/middleware.ts": {"path":"/home/runner/work/antx/antx/src/middleware.ts","all":true,"statementMap":{"1":{"start":{"line":2,"column":0},"end":{"line":2,"column":33}},"5":{"start":{"line":6,"column":0},"end":{"line":6,"column":23}},"6":{"start":{"line":7,"column":0},"end":{"line":7,"column":15}},"7":{"start":{"line":8,"column":0},"end":{"line":8,"column":13}},"8":{"start":{"line":9,"column":0},"end":{"line":9,"column":13}},"9":{"start":{"line":10,"column":0},"end":{"line":10,"column":13}},"10":{"start":{"line":11,"column":0},"end":{"line":11,"column":11}},"11":{"start":{"line":12,"column":0},"end":{"line":12,"column":19}},"12":{"start":{"line":13,"column":0},"end":{"line":13,"column":14}},"13":{"start":{"line":14,"column":0},"end":{"line":14,"column":43}},"14":{"start":{"line":15,"column":0},"end":{"line":15,"column":41}},"15":{"start":{"line":16,"column":0},"end":{"line":16,"column":2}},"18":{"start":{"line":19,"column":0},"end":{"line":19,"column":21}},"19":{"start":{"line":20,"column":0},"end":{"line":20,"column":11}},"20":{"start":{"line":21,"column":0},"end":{"line":21,"column":15}},"21":{"start":{"line":22,"column":0},"end":{"line":22,"column":2}},"24":{"start":{"line":25,"column":0},"end":{"line":25,"column":20}},"25":{"start":{"line":26,"column":0},"end":{"line":26,"column":15}},"26":{"start":{"line":27,"column":0},"end":{"line":27,"column":18}},"27":{"start":{"line":28,"column":0},"end":{"line":28,"column":25}},"28":{"start":{"line":29,"column":0},"end":{"line":29,"column":2}},"30":{"start":{"line":31,"column":0},"end":{"line":31,"column":87}},"31":{"start":{"line":32,"column":0},"end":{"line":32,"column":7}},"33":{"start":{"line":34,"column":0},"end":{"line":34,"column":46}},"34":{"start":{"line":35,"column":0},"end":{"line":35,"column":31}},"35":{"start":{"line":36,"column":0},"end":{"line":36,"column":7}},"38":{"start":{"line":39,"column":0},"end":{"line":39,"column":39}},"39":{"start":{"line":40,"column":0},"end":{"line":40,"column":45}},"42":{"start":{"line":43,"column":0},"end":{"line":43,"column":41}},"44":{"start":{"line":45,"column":0},"end":{"line":45,"column":61}},"45":{"start":{"line":46,"column":0},"end":{"line":46,"column":35}},"46":{"start":{"line":47,"column":0},"end":{"line":47,"column":22}},"47":{"start":{"line":48,"column":0},"end":{"line":48,"column":20}},"48":{"start":{"line":49,"column":0},"end":{"line":49,"column":80}},"49":{"start":{"line":50,"column":0},"end":{"line":50,"column":12}},"50":{"start":{"line":51,"column":0},"end":{"line":51,"column":11}},"51":{"start":{"line":52,"column":0},"end":{"line":52,"column":7}},"54":{"start":{"line":55,"column":0},"end":{"line":55,"column":70}},"55":{"start":{"line":56,"column":0},"end":{"line":56,"column":27}},"56":{"start":{"line":57,"column":0},"end":{"line":57,"column":37}},"57":{"start":{"line":58,"column":0},"end":{"line":58,"column":24}},"58":{"start":{"line":59,"column":0},"end":{"line":59,"column":22}},"59":{"start":{"line":60,"column":0},"end":{"line":60,"column":82}},"60":{"start":{"line":61,"column":0},"end":{"line":61,"column":14}},"61":{"start":{"line":62,"column":0},"end":{"line":62,"column":13}},"62":{"start":{"line":63,"column":0},"end":{"line":63,"column":9}},"66":{"start":{"line":67,"column":0},"end":{"line":67,"column":80}},"67":{"start":{"line":68,"column":0},"end":{"line":68,"column":37}},"68":{"start":{"line":69,"column":0},"end":{"line":69,"column":24}},"69":{"start":{"line":70,"column":0},"end":{"line":70,"column":22}},"70":{"start":{"line":71,"column":0},"end":{"line":71,"column":42}},"71":{"start":{"line":72,"column":0},"end":{"line":72,"column":14}},"72":{"start":{"line":73,"column":0},"end":{"line":73,"column":13}},"73":{"start":{"line":74,"column":0},"end":{"line":74,"column":9}},"74":{"start":{"line":75,"column":0},"end":{"line":75,"column":7}},"77":{"start":{"line":78,"column":0},"end":{"line":78,"column":88}},"78":{"start":{"line":79,"column":0},"end":{"line":79,"column":35}},"79":{"start":{"line":80,"column":0},"end":{"line":80,"column":22}},"80":{"start":{"line":81,"column":0},"end":{"line":81,"column":20}},"81":{"start":{"line":82,"column":0},"end":{"line":82,"column":80}},"82":{"start":{"line":83,"column":0},"end":{"line":83,"column":12}},"83":{"start":{"line":84,"column":0},"end":{"line":84,"column":11}},"84":{"start":{"line":85,"column":0},"end":{"line":85,"column":7}},"87":{"start":{"line":88,"column":0},"end":{"line":88,"column":20}},"88":{"start":{"line":89,"column":0},"end":{"line":89,"column":9}},"91":{"start":{"line":92,"column":0},"end":{"line":92,"column":39}},"93":{"start":{"line":94,"column":0},"end":{"line":94,"column":54}},"94":{"start":{"line":95,"column":0},"end":{"line":95,"column":64}},"95":{"start":{"line":96,"column":0},"end":{"line":96,"column":81}},"96":{"start":{"line":97,"column":0},"end":{"line":97,"column":64}},"99":{"start":{"line":100,"column":0},"end":{"line":100,"column":27}},"100":{"start":{"line":101,"column":0},"end":{"line":101,"column":34}},"101":{"start":{"line":102,"column":0},"end":{"line":102,"column":32}},"108":{"start":{"line":109,"column":0},"end":{"line":109,"column":8}},"111":{"start":{"line":112,"column":0},"end":{"line":112,"column":50}},"112":{"start":{"line":113,"column":0},"end":{"line":113,"column":29}},"113":{"start":{"line":114,"column":0},"end":{"line":114,"column":39}},"114":{"start":{"line":115,"column":0},"end":{"line":115,"column":56}},"115":{"start":{"line":116,"column":0},"end":{"line":116,"column":10}},"116":{"start":{"line":117,"column":0},"end":{"line":117,"column":7}},"117":{"start":{"line":118,"column":0},"end":{"line":118,"column":5}},"119":{"start":{"line":120,"column":0},"end":{"line":120,"column":20}},"121":{"start":{"line":122,"column":0},"end":{"line":122,"column":19}},"123":{"start":{"line":124,"column":0},"end":{"line":124,"column":61}},"126":{"start":{"line":127,"column":0},"end":{"line":127,"column":31}},"127":{"start":{"line":128,"column":0},"end":{"line":128,"column":18}},"128":{"start":{"line":129,"column":0},"end":{"line":129,"column":16}},"129":{"start":{"line":130,"column":0},"end":{"line":130,"column":36}},"130":{"start":{"line":131,"column":0},"end":{"line":131,"column":8}},"131":{"start":{"line":132,"column":0},"end":{"line":132,"column":7}},"132":{"start":{"line":133,"column":0},"end":{"line":133,"column":3}},"133":{"start":{"line":134,"column":0},"end":{"line":134,"column":2}}},"s":{"1":0,"5":0,"6":0,"7":0,"8":0,"9":0,"10":0,"11":0,"12":0,"13":0,"14":0,"15":0,"18":0,"19":0,"20":0,"21":0,"24":0,"25":0,"26":0,"27":0,"28":0,"30":0,"31":0,"33":0,"34":0,"35":0,"38":0,"39":0,"42":0,"44":0,"45":0,"46":0,"47":0,"48":0,"49":0,"50":0,"51":0,"54":0,"55":0,"56":0,"57":0,"58":0,"59":0,"60":0,"61":0,"62":0,"66":0,"67":0,"68":0,"69":0,"70":0,"71":0,"72":0,"73":0,"74":0,"77":0,"78":0,"79":0,"80":0,"81":0,"82":0,"83":0,"84":0,"87":0,"88":0,"91":0,"93":0,"94":0,"95":0,"96":0,"99":0,"100":0,"101":0,"108":0,"111":0,"112":0,"113":0,"114":0,"115":0,"116":0,"117":0,"119":0,"121":0,"123":0,"126":0,"127":0,"128":0,"129":0,"130":0,"131":0,"132":0,"133":0},"branchMap":{"0":{"type":"branch","line":1,"loc":{"start":{"line":1,"column":4050},"end":{"line":134,"column":2}},"locations":[{"start":{"line":1,"column":4050},"end":{"line":134,"column":2}}]}},"b":{"0":[1]},"fnMap":{"0":{"name":"(empty-report)","decl":{"start":{"line":1,"column":4050},"end":{"line":134,"column":2}},"loc":{"start":{"line":1,"column":4050},"end":{"line":134,"column":2}},"line":1}},"f":{"0":1}}
,"/home/runner/work/antx/antx/src/components/Header/Brand.astro": {"path":"/home/runner/work/antx/antx/src/components/Header/Brand.astro","all":true,"statementMap":{"0":{"start":{"line":1,"column":0},"end":{"line":1,"column":29}}},"s":{"0":0},"branchMap":{"0":{"type":"branch","line":1,"loc":{"start":{"line":1,"column":834},"end":{"line":33,"column":8}},"locations":[{"start":{"line":1,"column":834},"end":{"line":33,"column":8}}]}},"b":{"0":[0]},"fnMap":{"0":{"name":"(empty-report)","decl":{"start":{"line":1,"column":834},"end":{"line":33,"column":8}},"loc":{"start":{"line":1,"column":834},"end":{"line":33,"column":8}},"line":1}},"f":{"0":0}}
,"/home/runner/work/antx/antx/src/components/Header/Header.astro": {"path":"/home/runner/work/antx/antx/src/components/Header/Header.astro","all":true,"statementMap":{"0":{"start":{"line":1,"column":0},"end":{"line":1,"column":3}},"1":{"start":{"line":2,"column":0},"end":{"line":2,"column":61}},"2":{"start":{"line":3,"column":0},"end":{"line":3,"column":34}},"7":{"start":{"line":8,"column":0},"end":{"line":8,"column":13}},"8":{"start":{"line":9,"column":0},"end":{"line":9,"column":18}}},"s":{"0":0,"1":0,"2":0,"7":0,"8":0},"branchMap":{"0":{"type":"branch","line":1,"loc":{"start":{"line":1,"column":2004},"end":{"line":92,"column":8}},"locations":[{"start":{"line":1,"column":2004},"end":{"line":92,"column":8}}]}},"b":{"0":[0]},"fnMap":{"0":{"name":"(empty-report)","decl":{"start":{"line":1,"column":2004},"end":{"line":92,"column":8}},"loc":{"start":{"line":1,"column":2004},"end":{"line":92,"column":8}},"line":1}},"f":{"0":0}}
,"/home/runner/work/antx/antx/src/components/Header/Navigation.astro": {"path":"/home/runner/work/antx/antx/src/components/Header/Navigation.astro","all":true,"statementMap":{"0":{"start":{"line":1,"column":0},"end":{"line":1,"column":3}},"1":{"start":{"line":2,"column":0},"end":{"line":2,"column":67}},"2":{"start":{"line":3,"column":0},"end":{"line":3,"column":57}},"39":{"start":{"line":40,"column":0},"end":{"line":40,"column":19}},"40":{"start":{"line":41,"column":0},"end":{"line":41,"column":14}}},"s":{"0":0,"1":0,"2":0,"39":0,"40":0},"branchMap":{"0":{"type":"branch","line":1,"loc":{"start":{"line":1,"column":10314},"end":{"line":187,"column":8}},"locations":[{"start":{"line":1,"column":10314},"end":{"line":187,"column":8}}]}},"b":{"0":[0]},"fnMap":{"0":{"name":"(empty-report)","decl":{"start":{"line":1,"column":10314},"end":{"line":187,"column":8}},"loc":{"start":{"line":1,"column":10314},"end":{"line":187,"column":8}},"line":1}},"f":{"0":0}}
,"/home/runner/work/antx/antx/src/components/Header/ThemeSwitcher.astro": {"path":"/home/runner/work/antx/antx/src/components/Header/ThemeSwitcher.astro","all":true,"statementMap":{"0":{"start":{"line":1,"column":0},"end":{"line":1,"column":87}}},"s":{"0":0},"branchMap":{"0":{"type":"branch","line":1,"loc":{"start":{"line":1,"column":3895},"end":{"line":116,"column":9}},"locations":[{"start":{"line":1,"column":3895},"end":{"line":116,"column":9}}]}},"b":{"0":[0]},"fnMap":{"0":{"name":"(empty-report)","decl":{"start":{"line":1,"column":3895},"end":{"line":116,"column":9}},"loc":{"start":{"line":1,"column":3895},"end":{"line":116,"column":9}},"line":1}},"f":{"0":0}}
,"/home/runner/work/antx/antx/src/components/Header/UserMenu.astro": {"path":"/home/runner/work/antx/antx/src/components/Header/UserMenu.astro","all":true,"statementMap":{"0":{"start":{"line":1,"column":0},"end":{"line":1,"column":3}},"1":{"start":{"line":2,"column":0},"end":{"line":2,"column":31}},"2":{"start":{"line":3,"column":0},"end":{"line":3,"column":46}},"4":{"start":{"line":5,"column":0},"end":{"line":5,"column":29}},"6":{"start":{"line":7,"column":0},"end":{"line":7,"column":46}},"7":{"start":{"line":8,"column":0},"end":{"line":8,"column":25}},"8":{"start":{"line":9,"column":0},"end":{"line":9,"column":29}},"9":{"start":{"line":10,"column":0},"end":{"line":10,"column":38}},"10":{"start":{"line":11,"column":0},"end":{"line":11,"column":2}},"13":{"start":{"line":14,"column":0},"end":{"line":14,"column":9}},"16":{"start":{"line":17,"column":0},"end":{"line":17,"column":102}},"20":{"start":{"line":21,"column":0},"end":{"line":21,"column":77}},"22":{"start":{"line":23,"column":0},"end":{"line":23,"column":51}},"26":{"start":{"line":27,"column":0},"end":{"line":27,"column":8}},"28":{"start":{"line":29,"column":0},"end":{"line":29,"column":82}},"39":{"start":{"line":40,"column":0},"end":{"line":40,"column":2}}},"s":{"0":0,"1":0,"2":0,"4":0,"6":0,"7":0,"8":0,"9":0,"10":0,"13":0,"16":0,"20":0,"22":0,"26":0,"28":0,"39":0},"branchMap":{"0":{"type":"branch","line":1,"loc":{"start":{"line":1,"column":3459},"end":{"line":130,"column":8}},"locations":[{"start":{"line":1,"column":3459},"end":{"line":130,"column":8}}]}},"b":{"0":[0]},"fnMap":{"0":{"name":"(empty-report)","decl":{"start":{"line":1,"column":3459},"end":{"line":130,"column":8}},"loc":{"start":{"line":1,"column":3459},"end":{"line":130,"column":8}},"line":1}},"f":{"0":0}}
,"/home/runner/work/antx/antx/src/components/UI/Alert.astro": {"path":"/home/runner/work/antx/antx/src/components/UI/Alert.astro","all":true,"statementMap":{"0":{"start":{"line":1,"column":0},"end":{"line":1,"column":3}},"8":{"start":{"line":9,"column":0},"end":{"line":9,"column":7}},"9":{"start":{"line":10,"column":0},"end":{"line":10,"column":19}},"10":{"start":{"line":11,"column":0},"end":{"line":11,"column":24}},"11":{"start":{"line":12,"column":0},"end":{"line":12,"column":5}},"12":{"start":{"line":13,"column":0},"end":{"line":13,"column":8}},"13":{"start":{"line":14,"column":0},"end":{"line":14,"column":16}},"15":{"start":{"line":16,"column":0},"end":{"line":16,"column":22}},"16":{"start":{"line":17,"column":0},"end":{"line":17,"column":10}},"17":{"start":{"line":18,"column":0},"end":{"line":18,"column":22}},"18":{"start":{"line":19,"column":0},"end":{"line":19,"column":11}},"19":{"start":{"line":20,"column":0},"end":{"line":20,"column":28}},"23":{"start":{"line":24,"column":0},"end":{"line":24,"column":9}},"24":{"start":{"line":25,"column":0},"end":{"line":25,"column":22}},"25":{"start":{"line":26,"column":0},"end":{"line":26,"column":15}},"27":{"start":{"line":28,"column":0},"end":{"line":28,"column":10}}},"s":{"0":0,"8":0,"9":0,"10":0,"11":0,"12":0,"13":0,"15":0,"16":0,"17":0,"18":0,"19":0,"23":0,"24":0,"25":0,"27":0},"branchMap":{"0":{"type":"branch","line":1,"loc":{"start":{"line":1,"column":392},"end":{"line":29,"column":6}},"locations":[{"start":{"line":1,"column":392},"end":{"line":29,"column":6}}]}},"b":{"0":[0]},"fnMap":{"0":{"name":"(empty-report)","decl":{"start":{"line":1,"column":392},"end":{"line":29,"column":6}},"loc":{"start":{"line":1,"column":392},"end":{"line":29,"column":6}},"line":1}},"f":{"0":0}}
,"/home/runner/work/antx/antx/src/components/UI/Button.astro": {"path":"/home/runner/work/antx/antx/src/components/UI/Button.astro","all":true,"statementMap":{"0":{"start":{"line":1,"column":0},"end":{"line":1,"column":3}},"12":{"start":{"line":13,"column":0},"end":{"line":13,"column":7}},"13":{"start":{"line":14,"column":0},"end":{"line":14,"column":18}},"14":{"start":{"line":15,"column":0},"end":{"line":15,"column":22}},"15":{"start":{"line":16,"column":0},"end":{"line":16,"column":16}},"16":{"start":{"line":17,"column":0},"end":{"line":17,"column":20}},"17":{"start":{"line":18,"column":0},"end":{"line":18,"column":19}},"18":{"start":{"line":19,"column":0},"end":{"line":19,"column":18}},"19":{"start":{"line":20,"column":0},"end":{"line":20,"column":24}},"20":{"start":{"line":21,"column":0},"end":{"line":21,"column":9}},"21":{"start":{"line":22,"column":0},"end":{"line":22,"column":16}},"23":{"start":{"line":24,"column":0},"end":{"line":24,"column":23}},"24":{"start":{"line":25,"column":0},"end":{"line":25,"column":8}},"25":{"start":{"line":26,"column":0},"end":{"line":26,"column":20}},"26":{"start":{"line":27,"column":0},"end":{"line":27,"column":36}},"27":{"start":{"line":28,"column":0},"end":{"line":28,"column":27}},"28":{"start":{"line":29,"column":0},"end":{"line":29,"column":28}},"29":{"start":{"line":30,"column":0},"end":{"line":30,"column":11}},"30":{"start":{"line":31,"column":0},"end":{"line":31,"column":28}},"33":{"start":{"line":34,"column":0},"end":{"line":34,"column":7}},"34":{"start":{"line":35,"column":0},"end":{"line":35,"column":13}},"35":{"start":{"line":36,"column":0},"end":{"line":36,"column":32}},"36":{"start":{"line":37,"column":0},"end":{"line":37,"column":23}},"37":{"start":{"line":38,"column":0},"end":{"line":38,"column":11}},"39":{"start":{"line":40,"column":0},"end":{"line":40,"column":10}}},"s":{"0":0,"12":0,"13":0,"14":0,"15":0,"16":0,"17":0,"18":0,"19":0,"20":0,"21":0,"23":0,"24":0,"25":0,"26":0,"27":0,"28":0,"29":0,"30":0,"33":0,"34":0,"35":0,"36":0,"37":0,"39":0},"branchMap":{"0":{"type":"branch","line":1,"loc":{"start":{"line":1,"column":736},"end":{"line":41,"column":9}},"locations":[{"start":{"line":1,"column":736},"end":{"line":41,"column":9}}]}},"b":{"0":[0]},"fnMap":{"0":{"name":"(empty-report)","decl":{"start":{"line":1,"column":736},"end":{"line":41,"column":9}},"loc":{"start":{"line":1,"column":736},"end":{"line":41,"column":9}},"line":1}},"f":{"0":0}}
,"/home/runner/work/antx/antx/src/components/UI/FormGroup.astro": {"path":"/home/runner/work/antx/antx/src/components/UI/FormGroup.astro","all":true,"statementMap":{"0":{"start":{"line":1,"column":0},"end":{"line":1,"column":3}},"10":{"start":{"line":11,"column":0},"end":{"line":11,"column":7}},"11":{"start":{"line":12,"column":0},"end":{"line":12,"column":8}},"12":{"start":{"line":13,"column":0},"end":{"line":13,"column":5}},"13":{"start":{"line":14,"column":0},"end":{"line":14,"column":19}},"14":{"start":{"line":15,"column":0},"end":{"line":15,"column":8}},"15":{"start":{"line":16,"column":0},"end":{"line":16,"column":11}},"16":{"start":{"line":17,"column":0},"end":{"line":17,"column":24}},"17":{"start":{"line":18,"column":0},"end":{"line":18,"column":16}},"19":{"start":{"line":20,"column":0},"end":{"line":20,"column":22}},"20":{"start":{"line":21,"column":0},"end":{"line":21,"column":15}},"21":{"start":{"line":22,"column":0},"end":{"line":22,"column":11}},"22":{"start":{"line":23,"column":0},"end":{"line":23,"column":28}},"25":{"start":{"line":26,"column":0},"end":{"line":26,"column":26}},"26":{"start":{"line":27,"column":0},"end":{"line":27,"column":13}},"27":{"start":{"line":28,"column":0},"end":{"line":28,"column":20}},"28":{"start":{"line":29,"column":0},"end":{"line":29,"column":13}},"29":{"start":{"line":30,"column":0},"end":{"line":30,"column":66}},"31":{"start":{"line":32,"column":0},"end":{"line":32,"column":4}},"33":{"start":{"line":34,"column":0},"end":{"line":34,"column":10}},"35":{"start":{"line":36,"column":0},"end":{"line":36,"column":26}},"36":{"start":{"line":37,"column":0},"end":{"line":37,"column":29}},"37":{"start":{"line":38,"column":0},"end":{"line":38,"column":4}},"39":{"start":{"line":40,"column":0},"end":{"line":40,"column":13}},"40":{"start":{"line":41,"column":0},"end":{"line":41,"column":40}},"41":{"start":{"line":42,"column":0},"end":{"line":42,"column":4}}},"s":{"0":0,"10":0,"11":0,"12":0,"13":0,"14":0,"15":0,"16":0,"17":0,"19":0,"20":0,"21":0,"22":0,"25":0,"26":0,"27":0,"28":0,"29":0,"31":0,"33":0,"35":0,"36":0,"37":0,"39":0,"40":0,"41":0},"branchMap":{"0":{"type":"branch","line":1,"loc":{"start":{"line":1,"column":638},"end":{"line":43,"column":6}},"locations":[{"start":{"line":1,"column":638},"end":{"line":43,"column":6}}]}},"b":{"0":[0]},"fnMap":{"0":{"name":"(empty-report)","decl":{"start":{"line":1,"column":638},"end":{"line":43,"column":6}},"loc":{"start":{"line":1,"column":638},"end":{"line":43,"column":6}},"line":1}},"f":{"0":0}}
,"/home/runner/work/antx/antx/src/components/UI/Input.astro": {"path":"/home/runner/work/antx/antx/src/components/UI/Input.astro","all":true,"statementMap":{"0":{"start":{"line":1,"column":0},"end":{"line":1,"column":3}},"14":{"start":{"line":15,"column":0},"end":{"line":15,"column":7}},"15":{"start":{"line":16,"column":0},"end":{"line":16,"column":16}},"16":{"start":{"line":17,"column":0},"end":{"line":17,"column":5}},"17":{"start":{"line":18,"column":0},"end":{"line":18,"column":7}},"18":{"start":{"line":19,"column":0},"end":{"line":19,"column":8}},"19":{"start":{"line":20,"column":0},"end":{"line":20,"column":14}},"20":{"start":{"line":21,"column":0},"end":{"line":21,"column":19}},"21":{"start":{"line":22,"column":0},"end":{"line":22,"column":19}},"22":{"start":{"line":23,"column":0},"end":{"line":23,"column":16}},"23":{"start":{"line":24,"column":0},"end":{"line":24,"column":24}},"24":{"start":{"line":25,"column":0},"end":{"line":25,"column":9}},"25":{"start":{"line":26,"column":0},"end":{"line":26,"column":16}},"27":{"start":{"line":28,"column":0},"end":{"line":28,"column":22}},"28":{"start":{"line":29,"column":0},"end":{"line":29,"column":10}},"29":{"start":{"line":30,"column":0},"end":{"line":30,"column":26}},"30":{"start":{"line":31,"column":0},"end":{"line":31,"column":11}},"31":{"start":{"line":32,"column":0},"end":{"line":32,"column":28}},"34":{"start":{"line":35,"column":0},"end":{"line":35,"column":6}},"35":{"start":{"line":36,"column":0},"end":{"line":36,"column":13}},"36":{"start":{"line":37,"column":0},"end":{"line":37,"column":9}},"37":{"start":{"line":38,"column":0},"end":{"line":38,"column":13}},"38":{"start":{"line":39,"column":0},"end":{"line":39,"column":15}},"39":{"start":{"line":40,"column":0},"end":{"line":40,"column":27}},"40":{"start":{"line":41,"column":0},"end":{"line":41,"column":21}},"41":{"start":{"line":42,"column":0},"end":{"line":42,"column":21}},"42":{"start":{"line":43,"column":0},"end":{"line":43,"column":22}},"43":{"start":{"line":44,"column":0},"end":{"line":44,"column":11}}},"s":{"0":0,"14":0,"15":0,"16":0,"17":0,"18":0,"19":0,"20":0,"21":0,"22":0,"23":0,"24":0,"25":0,"27":0,"28":0,"29":0,"30":0,"31":0,"34":0,"35":0,"36":0,"37":0,"38":0,"39":0,"40":0,"41":0,"42":0,"43":0},"branchMap":{"0":{"type":"branch","line":1,"loc":{"start":{"line":1,"column":669},"end":{"line":45,"column":2}},"locations":[{"start":{"line":1,"column":669},"end":{"line":45,"column":2}}]}},"b":{"0":[0]},"fnMap":{"0":{"name":"(empty-report)","decl":{"start":{"line":1,"column":669},"end":{"line":45,"column":2}},"loc":{"start":{"line":1,"column":669},"end":{"line":45,"column":2}},"line":1}},"f":{"0":0}}
,"/home/runner/work/antx/antx/src/layouts/BaseLayout.astro": {"path":"/home/runner/work/antx/antx/src/layouts/BaseLayout.astro","all":true,"statementMap":{"0":{"start":{"line":1,"column":0},"end":{"line":1,"column":3}},"1":{"start":{"line":2,"column":0},"end":{"line":2,"column":39}},"3":{"start":{"line":4,"column":0},"end":{"line":4,"column":53}},"4":{"start":{"line":5,"column":0},"end":{"line":5,"column":27}},"25":{"start":{"line":26,"column":0},"end":{"line":26,"column":30}},"26":{"start":{"line":27,"column":0},"end":{"line":27,"column":7}},"27":{"start":{"line":28,"column":0},"end":{"line":28,"column":26}},"28":{"start":{"line":29,"column":0},"end":{"line":29,"column":52}},"29":{"start":{"line":30,"column":0},"end":{"line":30,"column":39}},"30":{"start":{"line":31,"column":0},"end":{"line":31,"column":28}},"31":{"start":{"line":32,"column":0},"end":{"line":32,"column":26}},"32":{"start":{"line":33,"column":0},"end":{"line":33,"column":21}},"33":{"start":{"line":34,"column":0},"end":{"line":34,"column":20}},"34":{"start":{"line":35,"column":0},"end":{"line":35,"column":16}},"35":{"start":{"line":36,"column":0},"end":{"line":36,"column":15}},"36":{"start":{"line":37,"column":0},"end":{"line":37,"column":14}},"37":{"start":{"line":38,"column":0},"end":{"line":38,"column":27}},"38":{"start":{"line":39,"column":0},"end":{"line":39,"column":27}},"39":{"start":{"line":40,"column":0},"end":{"line":40,"column":30}},"40":{"start":{"line":41,"column":0},"end":{"line":41,"column":34}},"41":{"start":{"line":42,"column":0},"end":{"line":42,"column":32}},"42":{"start":{"line":43,"column":0},"end":{"line":43,"column":32}},"43":{"start":{"line":44,"column":0},"end":{"line":44,"column":16}},"50":{"start":{"line":51,"column":0},"end":{"line":51,"column":18}},"55":{"start":{"line":56,"column":0},"end":{"line":56,"column":14}},"56":{"start":{"line":57,"column":0},"end":{"line":57,"column":15}},"103":{"start":{"line":104,"column":0},"end":{"line":104,"column":26}},"104":{"start":{"line":105,"column":0},"end":{"line":105,"column":53}},"105":{"start":{"line":106,"column":0},"end":{"line":106,"column":47}},"106":{"start":{"line":107,"column":0},"end":{"line":107,"column":43}},"109":{"start":{"line":110,"column":0},"end":{"line":110,"column":48}},"110":{"start":{"line":111,"column":0},"end":{"line":111,"column":60}},"111":{"start":{"line":112,"column":0},"end":{"line":112,"column":50}},"113":{"start":{"line":114,"column":0},"end":{"line":114,"column":53}},"117":{"start":{"line":118,"column":0},"end":{"line":118,"column":49}},"118":{"start":{"line":119,"column":0},"end":{"line":119,"column":61}},"119":{"start":{"line":120,"column":0},"end":{"line":120,"column":51}},"122":{"start":{"line":123,"column":0},"end":{"line":123,"column":59}},"125":{"start":{"line":126,"column":0},"end":{"line":126,"column":32}},"126":{"start":{"line":127,"column":0},"end":{"line":127,"column":51}},"127":{"start":{"line":128,"column":0},"end":{"line":128,"column":7}},"130":{"start":{"line":131,"column":0},"end":{"line":131,"column":29}},"131":{"start":{"line":132,"column":0},"end":{"line":132,"column":54}},"132":{"start":{"line":133,"column":0},"end":{"line":133,"column":7}},"135":{"start":{"line":136,"column":0},"end":{"line":136,"column":28}},"136":{"start":{"line":137,"column":0},"end":{"line":137,"column":47}},"137":{"start":{"line":138,"column":0},"end":{"line":138,"column":7}},"140":{"start":{"line":141,"column":0},"end":{"line":141,"column":58}},"141":{"start":{"line":142,"column":0},"end":{"line":142,"column":73}},"142":{"start":{"line":143,"column":0},"end":{"line":143,"column":74}},"143":{"start":{"line":144,"column":0},"end":{"line":144,"column":74}},"144":{"start":{"line":145,"column":0},"end":{"line":145,"column":43}},"146":{"start":{"line":147,"column":0},"end":{"line":147,"column":43}},"150":{"start":{"line":151,"column":0},"end":{"line":151,"column":14}},"152":{"start":{"line":153,"column":0},"end":{"line":153,"column":14}}},"s":{"0":0,"1":0,"3":0,"4":0,"25":0,"26":0,"27":0,"28":0,"29":0,"30":0,"31":0,"32":0,"33":0,"34":0,"35":0,"36":0,"37":0,"38":0,"39":0,"40":0,"41":0,"42":0,"43":0,"50":0,"55":0,"56":0,"103":0,"104":0,"105":0,"106":0,"109":0,"110":0,"111":0,"113":0,"117":0,"118":0,"119":0,"122":0,"125":0,"126":0,"127":0,"130":0,"131":0,"132":0,"135":0,"136":0,"137":0,"140":0,"141":0,"142":0,"143":0,"144":0,"146":0,"150":0,"152":0},"branchMap":{"0":{"type":"branch","line":1,"loc":{"start":{"line":1,"column":4366},"end":{"line":157,"column":7}},"locations":[{"start":{"line":1,"column":4366},"end":{"line":157,"column":7}}]}},"b":{"0":[0]},"fnMap":{"0":{"name":"(empty-report)","decl":{"start":{"line":1,"column":4366},"end":{"line":157,"column":7}},"loc":{"start":{"line":1,"column":4366},"end":{"line":157,"column":7}},"line":1}},"f":{"0":0}}
,"/home/runner/work/antx/antx/src/lib/auth-client.ts": {"path":"/home/runner/work/antx/antx/src/lib/auth-client.ts","all":true,"statementMap":{"0":{"start":{"line":1,"column":0},"end":{"line":1,"column":53}},"1":{"start":{"line":2,"column":0},"end":{"line":2,"column":108}},"3":{"start":{"line":4,"column":0},"end":{"line":4,"column":44}},"4":{"start":{"line":5,"column":0},"end":{"line":5,"column":15}},"5":{"start":{"line":6,"column":0},"end":{"line":6,"column":79}},"6":{"start":{"line":7,"column":0},"end":{"line":7,"column":6}},"7":{"start":{"line":8,"column":0},"end":{"line":8,"column":2}}},"s":{"0":0,"1":0,"3":0,"4":0,"5":0,"6":0,"7":0},"branchMap":{"0":{"type":"branch","line":1,"loc":{"start":{"line":1,"column":314},"end":{"line":8,"column":2}},"locations":[{"start":{"line":1,"column":314},"end":{"line":8,"column":2}}]}},"b":{"0":[0]},"fnMap":{"0":{"name":"(empty-report)","decl":{"start":{"line":1,"column":314},"end":{"line":8,"column":2}},"loc":{"start":{"line":1,"column":314},"end":{"line":8,"column":2}},"line":1}},"f":{"0":0}}
,"/home/runner/work/antx/antx/src/lib/auth.ts": {"path":"/home/runner/work/antx/antx/src/lib/auth.ts","all":true,"statementMap":{"0":{"start":{"line":1,"column":0},"end":{"line":1,"column":41}},"1":{"start":{"line":2,"column":0},"end":{"line":2,"column":60}},"2":{"start":{"line":3,"column":0},"end":{"line":3,"column":46}},"3":{"start":{"line":4,"column":0},"end":{"line":4,"column":77}},"4":{"start":{"line":5,"column":0},"end":{"line":5,"column":35}},"5":{"start":{"line":6,"column":0},"end":{"line":6,"column":68}},"7":{"start":{"line":8,"column":0},"end":{"line":8,"column":34}},"9":{"start":{"line":10,"column":0},"end":{"line":10,"column":32}},"10":{"start":{"line":11,"column":0},"end":{"line":11,"column":35}},"11":{"start":{"line":12,"column":0},"end":{"line":12,"column":27}},"12":{"start":{"line":13,"column":0},"end":{"line":13,"column":5}},"15":{"start":{"line":16,"column":0},"end":{"line":16,"column":42}},"16":{"start":{"line":17,"column":0},"end":{"line":17,"column":40}},"19":{"start":{"line":20,"column":0},"end":{"line":20,"column":25}},"20":{"start":{"line":21,"column":0},"end":{"line":21,"column":18}},"21":{"start":{"line":22,"column":0},"end":{"line":22,"column":92}},"22":{"start":{"line":23,"column":0},"end":{"line":23,"column":73}},"23":{"start":{"line":24,"column":0},"end":{"line":24,"column":15}},"25":{"start":{"line":26,"column":0},"end":{"line":26,"column":5}},"26":{"start":{"line":27,"column":0},"end":{"line":27,"column":4}},"29":{"start":{"line":30,"column":0},"end":{"line":30,"column":12}},"30":{"start":{"line":31,"column":0},"end":{"line":31,"column":42}},"31":{"start":{"line":32,"column":0},"end":{"line":32,"column":61}},"32":{"start":{"line":33,"column":0},"end":{"line":33,"column":4}},"35":{"start":{"line":36,"column":0},"end":{"line":36,"column":19}},"36":{"start":{"line":37,"column":0},"end":{"line":37,"column":33}},"38":{"start":{"line":39,"column":0},"end":{"line":39,"column":4}},"40":{"start":{"line":41,"column":0},"end":{"line":41,"column":13}},"41":{"start":{"line":42,"column":0},"end":{"line":42,"column":14}},"44":{"start":{"line":45,"column":0},"end":{"line":45,"column":7}},"46":{"start":{"line":47,"column":0},"end":{"line":47,"column":11}},"48":{"start":{"line":49,"column":0},"end":{"line":49,"column":26}},"49":{"start":{"line":50,"column":0},"end":{"line":50,"column":7}},"51":{"start":{"line":52,"column":0},"end":{"line":52,"column":18}},"53":{"start":{"line":54,"column":0},"end":{"line":54,"column":42}},"54":{"start":{"line":55,"column":0},"end":{"line":55,"column":7}},"56":{"start":{"line":57,"column":0},"end":{"line":57,"column":15}},"58":{"start":{"line":59,"column":0},"end":{"line":59,"column":46}},"59":{"start":{"line":60,"column":0},"end":{"line":60,"column":19}},"60":{"start":{"line":61,"column":0},"end":{"line":61,"column":71}},"62":{"start":{"line":63,"column":0},"end":{"line":63,"column":56}},"64":{"start":{"line":65,"column":0},"end":{"line":65,"column":38}},"65":{"start":{"line":66,"column":0},"end":{"line":66,"column":57}},"66":{"start":{"line":67,"column":0},"end":{"line":67,"column":9}},"69":{"start":{"line":70,"column":0},"end":{"line":70,"column":35}},"70":{"start":{"line":71,"column":0},"end":{"line":71,"column":50}},"71":{"start":{"line":72,"column":0},"end":{"line":72,"column":9}},"74":{"start":{"line":75,"column":0},"end":{"line":75,"column":31}},"75":{"start":{"line":76,"column":0},"end":{"line":76,"column":48}},"76":{"start":{"line":77,"column":0},"end":{"line":77,"column":9}},"79":{"start":{"line":80,"column":0},"end":{"line":80,"column":80}},"80":{"start":{"line":81,"column":0},"end":{"line":81,"column":41}},"81":{"start":{"line":82,"column":0},"end":{"line":82,"column":46}},"82":{"start":{"line":83,"column":0},"end":{"line":83,"column":9}},"84":{"start":{"line":85,"column":0},"end":{"line":85,"column":43}},"85":{"start":{"line":86,"column":0},"end":{"line":86,"column":40}},"86":{"start":{"line":87,"column":0},"end":{"line":87,"column":43}},"87":{"start":{"line":88,"column":0},"end":{"line":88,"column":51}},"88":{"start":{"line":89,"column":0},"end":{"line":89,"column":56}},"91":{"start":{"line":92,"column":0},"end":{"line":92,"column":50}},"92":{"start":{"line":93,"column":0},"end":{"line":93,"column":42}},"94":{"start":{"line":95,"column":0},"end":{"line":95,"column":22}},"100":{"start":{"line":101,"column":0},"end":{"line":101,"column":41}},"163":{"start":{"line":164,"column":0},"end":{"line":164,"column":46}},"167":{"start":{"line":168,"column":0},"end":{"line":168,"column":44}},"168":{"start":{"line":169,"column":0},"end":{"line":169,"column":59}},"169":{"start":{"line":170,"column":0},"end":{"line":170,"column":55}},"170":{"start":{"line":171,"column":0},"end":{"line":171,"column":70}},"171":{"start":{"line":172,"column":0},"end":{"line":172,"column":82}},"172":{"start":{"line":173,"column":0},"end":{"line":173,"column":25}},"173":{"start":{"line":174,"column":0},"end":{"line":174,"column":58}},"193":{"start":{"line":194,"column":0},"end":{"line":194,"column":22}},"194":{"start":{"line":195,"column":0},"end":{"line":195,"column":10}},"196":{"start":{"line":197,"column":0},"end":{"line":197,"column":25}},"209":{"start":{"line":210,"column":0},"end":{"line":210,"column":13}},"211":{"start":{"line":212,"column":0},"end":{"line":212,"column":99}},"213":{"start":{"line":214,"column":0},"end":{"line":214,"column":29}},"214":{"start":{"line":215,"column":0},"end":{"line":215,"column":26}},"215":{"start":{"line":216,"column":0},"end":{"line":216,"column":24}},"216":{"start":{"line":217,"column":0},"end":{"line":217,"column":21}},"217":{"start":{"line":218,"column":0},"end":{"line":218,"column":20}},"218":{"start":{"line":219,"column":0},"end":{"line":219,"column":15}},"220":{"start":{"line":221,"column":0},"end":{"line":221,"column":61}},"221":{"start":{"line":222,"column":0},"end":{"line":222,"column":25}},"223":{"start":{"line":224,"column":0},"end":{"line":224,"column":105}},"224":{"start":{"line":225,"column":0},"end":{"line":225,"column":76}},"225":{"start":{"line":226,"column":0},"end":{"line":226,"column":9}},"226":{"start":{"line":227,"column":0},"end":{"line":227,"column":9}},"227":{"start":{"line":228,"column":0},"end":{"line":228,"column":7}},"228":{"start":{"line":229,"column":0},"end":{"line":229,"column":4}},"229":{"start":{"line":230,"column":0},"end":{"line":230,"column":3}}},"s":{"0":0,"1":0,"2":0,"3":0,"4":0,"5":0,"7":0,"9":0,"10":0,"11":0,"12":0,"15":0,"16":0,"19":0,"20":0,"21":0,"22":0,"23":0,"25":0,"26":0,"29":0,"30":0,"31":0,"32":0,"35":0,"36":0,"38":0,"40":0,"41":0,"44":0,"46":0,"48":0,"49":0,"51":0,"53":0,"54":0,"56":0,"58":0,"59":0,"60":0,"62":0,"64":0,"65":0,"66":0,"69":0,"70":0,"71":0,"74":0,"75":0,"76":0,"79":0,"80":0,"81":0,"82":0,"84":0,"85":0,"86":0,"87":0,"88":0,"91":0,"92":0,"94":0,"100":0,"163":0,"167":0,"168":0,"169":0,"170":0,"171":0,"172":0,"173":0,"193":0,"194":0,"196":0,"209":0,"211":0,"213":0,"214":0,"215":0,"216":0,"217":0,"218":0,"220":0,"221":0,"223":0,"224":0,"225":0,"226":0,"227":0,"228":0,"229":0},"branchMap":{"0":{"type":"branch","line":1,"loc":{"start":{"line":1,"column":8272},"end":{"line":230,"column":3}},"locations":[{"start":{"line":1,"column":8272},"end":{"line":230,"column":3}}]}},"b":{"0":[0]},"fnMap":{"0":{"name":"(empty-report)","decl":{"start":{"line":1,"column":8272},"end":{"line":230,"column":3}},"loc":{"start":{"line":1,"column":8272},"end":{"line":230,"column":3}},"line":1}},"f":{"0":0}}
,"/home/runner/work/antx/antx/src/lib/error-messages.ts": {"path":"/home/runner/work/antx/antx/src/lib/error-messages.ts","all":false,"statementMap":{"16":{"start":{"line":17,"column":0},"end":{"line":17,"column":87}},"17":{"start":{"line":18,"column":0},"end":{"line":18,"column":69}},"19":{"start":{"line":20,"column":0},"end":{"line":20,"column":59}},"22":{"start":{"line":23,"column":0},"end":{"line":23,"column":85}},"23":{"start":{"line":24,"column":0},"end":{"line":24,"column":46}},"24":{"start":{"line":25,"column":0},"end":{"line":25,"column":3}},"25":{"start":{"line":26,"column":0},"end":{"line":26,"column":41}},"26":{"start":{"line":27,"column":0},"end":{"line":27,"column":76}},"27":{"start":{"line":28,"column":0},"end":{"line":28,"column":3}},"28":{"start":{"line":29,"column":0},"end":{"line":29,"column":37}},"29":{"start":{"line":30,"column":0},"end":{"line":30,"column":34}},"30":{"start":{"line":31,"column":0},"end":{"line":31,"column":3}},"31":{"start":{"line":32,"column":0},"end":{"line":32,"column":37}},"32":{"start":{"line":33,"column":0},"end":{"line":33,"column":38}},"33":{"start":{"line":34,"column":0},"end":{"line":34,"column":3}},"36":{"start":{"line":37,"column":0},"end":{"line":37,"column":95}},"37":{"start":{"line":38,"column":0},"end":{"line":38,"column":80}},"38":{"start":{"line":39,"column":0},"end":{"line":39,"column":3}},"39":{"start":{"line":40,"column":0},"end":{"line":40,"column":46}},"40":{"start":{"line":41,"column":0},"end":{"line":41,"column":73}},"41":{"start":{"line":42,"column":0},"end":{"line":42,"column":3}},"42":{"start":{"line":43,"column":0},"end":{"line":43,"column":41}},"43":{"start":{"line":44,"column":0},"end":{"line":44,"column":61}},"44":{"start":{"line":45,"column":0},"end":{"line":45,"column":3}},"45":{"start":{"line":46,"column":0},"end":{"line":46,"column":36}},"46":{"start":{"line":47,"column":0},"end":{"line":47,"column":37}},"47":{"start":{"line":48,"column":0},"end":{"line":48,"column":3}},"48":{"start":{"line":49,"column":0},"end":{"line":49,"column":45}},"49":{"start":{"line":50,"column":0},"end":{"line":50,"column":43}},"50":{"start":{"line":51,"column":0},"end":{"line":51,"column":3}},"53":{"start":{"line":54,"column":0},"end":{"line":54,"column":77}},"54":{"start":{"line":55,"column":0},"end":{"line":55,"column":44}},"55":{"start":{"line":56,"column":0},"end":{"line":56,"column":3}},"56":{"start":{"line":57,"column":0},"end":{"line":57,"column":77}},"57":{"start":{"line":58,"column":0},"end":{"line":58,"column":68}},"58":{"start":{"line":59,"column":0},"end":{"line":59,"column":3}},"59":{"start":{"line":60,"column":0},"end":{"line":60,"column":44}},"60":{"start":{"line":61,"column":0},"end":{"line":61,"column":72}},"61":{"start":{"line":62,"column":0},"end":{"line":62,"column":3}},"62":{"start":{"line":63,"column":0},"end":{"line":63,"column":84}},"63":{"start":{"line":64,"column":0},"end":{"line":64,"column":95}},"64":{"start":{"line":65,"column":0},"end":{"line":65,"column":3}},"67":{"start":{"line":68,"column":0},"end":{"line":68,"column":51}},"68":{"start":{"line":69,"column":0},"end":{"line":69,"column":77}},"69":{"start":{"line":70,"column":0},"end":{"line":70,"column":3}},"70":{"start":{"line":71,"column":0},"end":{"line":71,"column":51}},"71":{"start":{"line":72,"column":0},"end":{"line":72,"column":48}},"72":{"start":{"line":73,"column":0},"end":{"line":73,"column":3}},"75":{"start":{"line":76,"column":0},"end":{"line":76,"column":80}},"76":{"start":{"line":77,"column":0},"end":{"line":77,"column":70}},"77":{"start":{"line":78,"column":0},"end":{"line":78,"column":3}},"80":{"start":{"line":81,"column":0},"end":{"line":81,"column":65}},"81":{"start":{"line":82,"column":0},"end":{"line":82,"column":69}},"82":{"start":{"line":83,"column":0},"end":{"line":83,"column":3}},"83":{"start":{"line":84,"column":0},"end":{"line":84,"column":62}},"84":{"start":{"line":85,"column":0},"end":{"line":85,"column":83}},"85":{"start":{"line":86,"column":0},"end":{"line":86,"column":3}},"88":{"start":{"line":89,"column":0},"end":{"line":89,"column":45}},"89":{"start":{"line":90,"column":0},"end":{"line":90,"column":39}},"90":{"start":{"line":91,"column":0},"end":{"line":91,"column":3}},"91":{"start":{"line":92,"column":0},"end":{"line":92,"column":50}},"92":{"start":{"line":93,"column":0},"end":{"line":93,"column":45}},"93":{"start":{"line":94,"column":0},"end":{"line":94,"column":3}},"94":{"start":{"line":95,"column":0},"end":{"line":95,"column":41}},"95":{"start":{"line":96,"column":0},"end":{"line":96,"column":45}},"96":{"start":{"line":97,"column":0},"end":{"line":97,"column":3}},"97":{"start":{"line":98,"column":0},"end":{"line":98,"column":51}},"98":{"start":{"line":99,"column":0},"end":{"line":99,"column":58}},"99":{"start":{"line":100,"column":0},"end":{"line":100,"column":3}},"102":{"start":{"line":103,"column":0},"end":{"line":103,"column":51}},"103":{"start":{"line":104,"column":0},"end":{"line":104,"column":56}},"104":{"start":{"line":105,"column":0},"end":{"line":105,"column":1}},"112":{"start":{"line":113,"column":0},"end":{"line":113,"column":75}},"113":{"start":{"line":114,"column":0},"end":{"line":114,"column":17}},"114":{"start":{"line":115,"column":0},"end":{"line":115,"column":18}},"115":{"start":{"line":116,"column":0},"end":{"line":116,"column":41}},"116":{"start":{"line":117,"column":0},"end":{"line":117,"column":25}},"117":{"start":{"line":118,"column":0},"end":{"line":118,"column":68}},"118":{"start":{"line":119,"column":0},"end":{"line":119,"column":18}},"119":{"start":{"line":120,"column":0},"end":{"line":120,"column":35}},"120":{"start":{"line":121,"column":0},"end":{"line":121,"column":20}},"121":{"start":{"line":122,"column":0},"end":{"line":122,"column":54}},"122":{"start":{"line":123,"column":0},"end":{"line":123,"column":26}},"123":{"start":{"line":124,"column":0},"end":{"line":124,"column":55}},"124":{"start":{"line":125,"column":0},"end":{"line":125,"column":26}},"125":{"start":{"line":126,"column":0},"end":{"line":126,"column":52}},"126":{"start":{"line":127,"column":0},"end":{"line":127,"column":32}},"127":{"start":{"line":128,"column":0},"end":{"line":128,"column":48}},"128":{"start":{"line":129,"column":0},"end":{"line":129,"column":27}},"129":{"start":{"line":130,"column":0},"end":{"line":130,"column":48}},"130":{"start":{"line":131,"column":0},"end":{"line":131,"column":27}},"131":{"start":{"line":132,"column":0},"end":{"line":132,"column":47}},"132":{"start":{"line":133,"column":0},"end":{"line":133,"column":12}},"133":{"start":{"line":134,"column":0},"end":{"line":134,"column":35}},"134":{"start":{"line":135,"column":0},"end":{"line":135,"column":3}},"135":{"start":{"line":136,"column":0},"end":{"line":136,"column":1}},"142":{"start":{"line":143,"column":0},"end":{"line":143,"column":57}},"143":{"start":{"line":144,"column":0},"end":{"line":144,"column":17}},"144":{"start":{"line":145,"column":0},"end":{"line":145,"column":18}},"145":{"start":{"line":146,"column":0},"end":{"line":146,"column":28}},"146":{"start":{"line":147,"column":0},"end":{"line":147,"column":18}},"147":{"start":{"line":148,"column":0},"end":{"line":148,"column":37}},"148":{"start":{"line":149,"column":0},"end":{"line":149,"column":23}},"149":{"start":{"line":150,"column":0},"end":{"line":150,"column":32}},"150":{"start":{"line":151,"column":0},"end":{"line":151,"column":25}},"151":{"start":{"line":152,"column":0},"end":{"line":152,"column":31}},"152":{"start":{"line":153,"column":0},"end":{"line":153,"column":30}},"153":{"start":{"line":154,"column":0},"end":{"line":154,"column":35}},"154":{"start":{"line":155,"column":0},"end":{"line":155,"column":18}},"155":{"start":{"line":156,"column":0},"end":{"line":156,"column":33}},"156":{"start":{"line":157,"column":0},"end":{"line":157,"column":19}},"157":{"start":{"line":158,"column":0},"end":{"line":158,"column":24}},"158":{"start":{"line":159,"column":0},"end":{"line":159,"column":19}},"159":{"start":{"line":160,"column":0},"end":{"line":160,"column":29}},"160":{"start":{"line":161,"column":0},"end":{"line":161,"column":12}},"161":{"start":{"line":162,"column":0},"end":{"line":162,"column":29}},"162":{"start":{"line":163,"column":0},"end":{"line":163,"column":3}},"163":{"start":{"line":164,"column":0},"end":{"line":164,"column":1}}},"s":{"16":1,"17":35,"19":35,"22":35,"23":3,"24":3,"25":35,"26":1,"27":1,"28":35,"29":1,"30":1,"31":35,"32":1,"33":1,"36":35,"37":2,"38":2,"39":35,"40":1,"41":1,"42":35,"43":1,"44":1,"45":35,"46":1,"47":1,"48":35,"49":1,"50":1,"53":35,"54":2,"55":2,"56":35,"57":2,"58":2,"59":35,"60":1,"61":1,"62":35,"63":1,"64":1,"67":35,"68":1,"69":1,"70":35,"71":1,"72":1,"75":35,"76":2,"77":2,"80":35,"81":2,"82":2,"83":35,"84":2,"85":2,"88":35,"89":1,"90":1,"91":35,"92":1,"93":1,"94":35,"95":1,"96":1,"97":35,"98":1,"99":1,"102":2,"103":2,"104":2,"112":1,"113":12,"114":12,"115":2,"116":12,"117":1,"118":12,"119":1,"120":12,"121":1,"122":12,"123":1,"124":12,"125":1,"126":12,"127":1,"128":12,"129":1,"130":12,"131":1,"132":12,"133":2,"134":12,"135":12,"142":1,"143":10,"144":10,"145":1,"146":10,"147":1,"148":10,"149":1,"150":10,"151":1,"152":10,"153":1,"154":10,"155":1,"156":10,"157":1,"158":10,"159":1,"160":10,"161":2,"162":10,"163":10},"branchMap":{"0":{"type":"branch","line":17,"loc":{"start":{"line":17,"column":7},"end":{"line":105,"column":1}},"locations":[{"start":{"line":17,"column":7},"end":{"line":105,"column":1}}]},"1":{"type":"branch","line":18,"loc":{"start":{"line":18,"column":35},"end":{"line":18,"column":54}},"locations":[{"start":{"line":18,"column":35},"end":{"line":18,"column":54}}]},"2":{"type":"branch","line":18,"loc":{"start":{"line":18,"column":46},"end":{"line":18,"column":69}},"locations":[{"start":{"line":18,"column":46},"end":{"line":18,"column":69}}]},"3":{"type":"branch","line":18,"loc":{"start":{"line":18,"column":54},"end":{"line":18,"column":69}},"locations":[{"start":{"line":18,"column":54},"end":{"line":18,"column":69}}]},"4":{"type":"branch","line":20,"loc":{"start":{"line":20,"column":16},"end":{"line":20,"column":59}},"locations":[{"start":{"line":20,"column":16},"end":{"line":20,"column":59}}]},"5":{"type":"branch","line":20,"loc":{"start":{"line":20,"column":23},"end":{"line":23,"column":49}},"locations":[{"start":{"line":20,"column":23},"end":{"line":23,"column":49}}]},"6":{"type":"branch","line":23,"loc":{"start":{"line":23,"column":18},"end":{"line":23,"column":84}},"locations":[{"start":{"line":23,"column":18},"end":{"line":23,"column":84}}]},"7":{"type":"branch","line":23,"loc":{"start":{"line":23,"column":84},"end":{"line":25,"column":3}},"locations":[{"start":{"line":23,"column":84},"end":{"line":25,"column":3}}]},"8":{"type":"branch","line":25,"loc":{"start":{"line":25,"column":2},"end":{"line":26,"column":40}},"locations":[{"start":{"line":25,"column":2},"end":{"line":26,"column":40}}]},"9":{"type":"branch","line":26,"loc":{"start":{"line":26,"column":40},"end":{"line":28,"column":3}},"locations":[{"start":{"line":26,"column":40},"end":{"line":28,"column":3}}]},"10":{"type":"branch","line":28,"loc":{"start":{"line":28,"column":2},"end":{"line":29,"column":36}},"locations":[{"start":{"line":28,"column":2},"end":{"line":29,"column":36}}]},"11":{"type":"branch","line":29,"loc":{"start":{"line":29,"column":36},"end":{"line":31,"column":3}},"locations":[{"start":{"line":29,"column":36},"end":{"line":31,"column":3}}]},"12":{"type":"branch","line":31,"loc":{"start":{"line":31,"column":2},"end":{"line":32,"column":36}},"locations":[{"start":{"line":31,"column":2},"end":{"line":32,"column":36}}]},"13":{"type":"branch","line":32,"loc":{"start":{"line":32,"column":36},"end":{"line":34,"column":3}},"locations":[{"start":{"line":32,"column":36},"end":{"line":34,"column":3}}]},"14":{"type":"branch","line":34,"loc":{"start":{"line":34,"column":2},"end":{"line":37,"column":44}},"locations":[{"start":{"line":34,"column":2},"end":{"line":37,"column":44}}]},"15":{"type":"branch","line":37,"loc":{"start":{"line":37,"column":18},"end":{"line":37,"column":94}},"locations":[{"start":{"line":37,"column":18},"end":{"line":37,"column":94}}]},"16":{"type":"branch","line":37,"loc":{"start":{"line":37,"column":94},"end":{"line":39,"column":3}},"locations":[{"start":{"line":37,"column":94},"end":{"line":39,"column":3}}]},"17":{"type":"branch","line":39,"loc":{"start":{"line":39,"column":2},"end":{"line":40,"column":45}},"locations":[{"start":{"line":39,"column":2},"end":{"line":40,"column":45}}]},"18":{"type":"branch","line":40,"loc":{"start":{"line":40,"column":45},"end":{"line":42,"column":3}},"locations":[{"start":{"line":40,"column":45},"end":{"line":42,"column":3}}]},"19":{"type":"branch","line":42,"loc":{"start":{"line":42,"column":2},"end":{"line":43,"column":40}},"locations":[{"start":{"line":42,"column":2},"end":{"line":43,"column":40}}]},"20":{"type":"branch","line":43,"loc":{"start":{"line":43,"column":40},"end":{"line":45,"column":3}},"locations":[{"start":{"line":43,"column":40},"end":{"line":45,"column":3}}]},"21":{"type":"branch","line":45,"loc":{"start":{"line":45,"column":2},"end":{"line":46,"column":35}},"locations":[{"start":{"line":45,"column":2},"end":{"line":46,"column":35}}]},"22":{"type":"branch","line":46,"loc":{"start":{"line":46,"column":35},"end":{"line":48,"column":3}},"locations":[{"start":{"line":46,"column":35},"end":{"line":48,"column":3}}]},"23":{"type":"branch","line":48,"loc":{"start":{"line":48,"column":2},"end":{"line":49,"column":44}},"locations":[{"start":{"line":48,"column":2},"end":{"line":49,"column":44}}]},"24":{"type":"branch","line":49,"loc":{"start":{"line":49,"column":44},"end":{"line":51,"column":3}},"locations":[{"start":{"line":49,"column":44},"end":{"line":51,"column":3}}]},"25":{"type":"branch","line":51,"loc":{"start":{"line":51,"column":2},"end":{"line":54,"column":35}},"locations":[{"start":{"line":51,"column":2},"end":{"line":54,"column":35}}]},"26":{"type":"branch","line":54,"loc":{"start":{"line":54,"column":18},"end":{"line":54,"column":76}},"locations":[{"start":{"line":54,"column":18},"end":{"line":54,"column":76}}]},"27":{"type":"branch","line":54,"loc":{"start":{"line":54,"column":76},"end":{"line":56,"column":3}},"locations":[{"start":{"line":54,"column":76},"end":{"line":56,"column":3}}]},"28":{"type":"branch","line":56,"loc":{"start":{"line":56,"column":2},"end":{"line":57,"column":35}},"locations":[{"start":{"line":56,"column":2},"end":{"line":57,"column":35}}]},"29":{"type":"branch","line":57,"loc":{"start":{"line":57,"column":18},"end":{"line":57,"column":76}},"locations":[{"start":{"line":57,"column":18},"end":{"line":57,"column":76}}]},"30":{"type":"branch","line":57,"loc":{"start":{"line":57,"column":76},"end":{"line":59,"column":3}},"locations":[{"start":{"line":57,"column":76},"end":{"line":59,"column":3}}]},"31":{"type":"branch","line":59,"loc":{"start":{"line":59,"column":2},"end":{"line":60,"column":43}},"locations":[{"start":{"line":59,"column":2},"end":{"line":60,"column":43}}]},"32":{"type":"branch","line":60,"loc":{"start":{"line":60,"column":43},"end":{"line":62,"column":3}},"locations":[{"start":{"line":60,"column":43},"end":{"line":62,"column":3}}]},"33":{"type":"branch","line":62,"loc":{"start":{"line":62,"column":2},"end":{"line":63,"column":83}},"locations":[{"start":{"line":62,"column":2},"end":{"line":63,"column":83}}]},"34":{"type":"branch","line":63,"loc":{"start":{"line":63,"column":83},"end":{"line":65,"column":3}},"locations":[{"start":{"line":63,"column":83},"end":{"line":65,"column":3}}]},"35":{"type":"branch","line":65,"loc":{"start":{"line":65,"column":2},"end":{"line":68,"column":50}},"locations":[{"start":{"line":65,"column":2},"end":{"line":68,"column":50}}]},"36":{"type":"branch","line":68,"loc":{"start":{"line":68,"column":50},"end":{"line":70,"column":3}},"locations":[{"start":{"line":68,"column":50},"end":{"line":70,"column":3}}]},"37":{"type":"branch","line":70,"loc":{"start":{"line":70,"column":2},"end":{"line":71,"column":50}},"locations":[{"start":{"line":70,"column":2},"end":{"line":71,"column":50}}]},"38":{"type":"branch","line":71,"loc":{"start":{"line":71,"column":50},"end":{"line":73,"column":3}},"locations":[{"start":{"line":71,"column":50},"end":{"line":73,"column":3}}]},"39":{"type":"branch","line":73,"loc":{"start":{"line":73,"column":2},"end":{"line":76,"column":40}},"locations":[{"start":{"line":73,"column":2},"end":{"line":76,"column":40}}]},"40":{"type":"branch","line":76,"loc":{"start":{"line":76,"column":35},"end":{"line":76,"column":79}},"locations":[{"start":{"line":76,"column":35},"end":{"line":76,"column":79}}]},"41":{"type":"branch","line":76,"loc":{"start":{"line":76,"column":79},"end":{"line":78,"column":3}},"locations":[{"start":{"line":76,"column":79},"end":{"line":78,"column":3}}]},"42":{"type":"branch","line":78,"loc":{"start":{"line":78,"column":2},"end":{"line":81,"column":37}},"locations":[{"start":{"line":78,"column":2},"end":{"line":81,"column":37}}]},"43":{"type":"branch","line":81,"loc":{"start":{"line":81,"column":32},"end":{"line":81,"column":64}},"locations":[{"start":{"line":81,"column":32},"end":{"line":81,"column":64}}]},"44":{"type":"branch","line":81,"loc":{"start":{"line":81,"column":64},"end":{"line":83,"column":3}},"locations":[{"start":{"line":81,"column":64},"end":{"line":83,"column":3}}]},"45":{"type":"branch","line":83,"loc":{"start":{"line":83,"column":2},"end":{"line":84,"column":36}},"locations":[{"start":{"line":83,"column":2},"end":{"line":84,"column":36}}]},"46":{"type":"branch","line":84,"loc":{"start":{"line":84,"column":31},"end":{"line":84,"column":61}},"locations":[{"start":{"line":84,"column":31},"end":{"line":84,"column":61}}]},"47":{"type":"branch","line":84,"loc":{"start":{"line":84,"column":61},"end":{"line":86,"column":3}},"locations":[{"start":{"line":84,"column":61},"end":{"line":86,"column":3}}]},"48":{"type":"branch","line":86,"loc":{"start":{"line":86,"column":2},"end":{"line":89,"column":44}},"locations":[{"start":{"line":86,"column":2},"end":{"line":89,"column":44}}]},"49":{"type":"branch","line":89,"loc":{"start":{"line":89,"column":44},"end":{"line":91,"column":3}},"locations":[{"start":{"line":89,"column":44},"end":{"line":91,"column":3}}]},"50":{"type":"branch","line":91,"loc":{"start":{"line":91,"column":2},"end":{"line":92,"column":49}},"locations":[{"start":{"line":91,"column":2},"end":{"line":92,"column":49}}]},"51":{"type":"branch","line":92,"loc":{"start":{"line":92,"column":49},"end":{"line":94,"column":3}},"locations":[{"start":{"line":92,"column":49},"end":{"line":94,"column":3}}]},"52":{"type":"branch","line":94,"loc":{"start":{"line":94,"column":2},"end":{"line":95,"column":40}},"locations":[{"start":{"line":94,"column":2},"end":{"line":95,"column":40}}]},"53":{"type":"branch","line":95,"loc":{"start":{"line":95,"column":40},"end":{"line":97,"column":3}},"locations":[{"start":{"line":95,"column":40},"end":{"line":97,"column":3}}]},"54":{"type":"branch","line":97,"loc":{"start":{"line":97,"column":2},"end":{"line":98,"column":50}},"locations":[{"start":{"line":97,"column":2},"end":{"line":98,"column":50}}]},"55":{"type":"branch","line":98,"loc":{"start":{"line":98,"column":50},"end":{"line":100,"column":3}},"locations":[{"start":{"line":98,"column":50},"end":{"line":100,"column":3}}]},"56":{"type":"branch","line":100,"loc":{"start":{"line":100,"column":2},"end":{"line":105,"column":1}},"locations":[{"start":{"line":100,"column":2},"end":{"line":105,"column":1}}]},"57":{"type":"branch","line":113,"loc":{"start":{"line":113,"column":7},"end":{"line":136,"column":1}},"locations":[{"start":{"line":113,"column":7},"end":{"line":136,"column":1}}]},"58":{"type":"branch","line":115,"loc":{"start":{"line":115,"column":4},"end":{"line":116,"column":41}},"locations":[{"start":{"line":115,"column":4},"end":{"line":116,"column":41}}]},"59":{"type":"branch","line":117,"loc":{"start":{"line":117,"column":4},"end":{"line":118,"column":68}},"locations":[{"start":{"line":117,"column":4},"end":{"line":118,"column":68}}]},"60":{"type":"branch","line":119,"loc":{"start":{"line":119,"column":4},"end":{"line":120,"column":35}},"locations":[{"start":{"line":119,"column":4},"end":{"line":120,"column":35}}]},"61":{"type":"branch","line":121,"loc":{"start":{"line":121,"column":4},"end":{"line":122,"column":54}},"locations":[{"start":{"line":121,"column":4},"end":{"line":122,"column":54}}]},"62":{"type":"branch","line":123,"loc":{"start":{"line":123,"column":4},"end":{"line":124,"column":55}},"locations":[{"start":{"line":123,"column":4},"end":{"line":124,"column":55}}]},"63":{"type":"branch","line":125,"loc":{"start":{"line":125,"column":4},"end":{"line":126,"column":52}},"locations":[{"start":{"line":125,"column":4},"end":{"line":126,"column":52}}]},"64":{"type":"branch","line":127,"loc":{"start":{"line":127,"column":4},"end":{"line":128,"column":48}},"locations":[{"start":{"line":127,"column":4},"end":{"line":128,"column":48}}]},"65":{"type":"branch","line":129,"loc":{"start":{"line":129,"column":4},"end":{"line":130,"column":48}},"locations":[{"start":{"line":129,"column":4},"end":{"line":130,"column":48}}]},"66":{"type":"branch","line":131,"loc":{"start":{"line":131,"column":4},"end":{"line":132,"column":47}},"locations":[{"start":{"line":131,"column":4},"end":{"line":132,"column":47}}]},"67":{"type":"branch","line":133,"loc":{"start":{"line":133,"column":4},"end":{"line":134,"column":35}},"locations":[{"start":{"line":133,"column":4},"end":{"line":134,"column":35}}]},"68":{"type":"branch","line":143,"loc":{"start":{"line":143,"column":7},"end":{"line":164,"column":1}},"locations":[{"start":{"line":143,"column":7},"end":{"line":164,"column":1}}]},"69":{"type":"branch","line":145,"loc":{"start":{"line":145,"column":4},"end":{"line":146,"column":28}},"locations":[{"start":{"line":145,"column":4},"end":{"line":146,"column":28}}]},"70":{"type":"branch","line":147,"loc":{"start":{"line":147,"column":4},"end":{"line":148,"column":37}},"locations":[{"start":{"line":147,"column":4},"end":{"line":148,"column":37}}]},"71":{"type":"branch","line":149,"loc":{"start":{"line":149,"column":4},"end":{"line":150,"column":32}},"locations":[{"start":{"line":149,"column":4},"end":{"line":150,"column":32}}]},"72":{"type":"branch","line":151,"loc":{"start":{"line":151,"column":4},"end":{"line":152,"column":31}},"locations":[{"start":{"line":151,"column":4},"end":{"line":152,"column":31}}]},"73":{"type":"branch","line":153,"loc":{"start":{"line":153,"column":4},"end":{"line":154,"column":35}},"locations":[{"start":{"line":153,"column":4},"end":{"line":154,"column":35}}]},"74":{"type":"branch","line":155,"loc":{"start":{"line":155,"column":4},"end":{"line":156,"column":33}},"locations":[{"start":{"line":155,"column":4},"end":{"line":156,"column":33}}]},"75":{"type":"branch","line":157,"loc":{"start":{"line":157,"column":4},"end":{"line":158,"column":24}},"locations":[{"start":{"line":157,"column":4},"end":{"line":158,"column":24}}]},"76":{"type":"branch","line":159,"loc":{"start":{"line":159,"column":4},"end":{"line":160,"column":29}},"locations":[{"start":{"line":159,"column":4},"end":{"line":160,"column":29}}]},"77":{"type":"branch","line":161,"loc":{"start":{"line":161,"column":4},"end":{"line":162,"column":29}},"locations":[{"start":{"line":161,"column":4},"end":{"line":162,"column":29}}]}},"b":{"0":[35],"1":[30],"2":[5],"3":[3],"4":[3],"5":[32],"6":[30],"7":[3],"8":[29],"9":[1],"10":[28],"11":[1],"12":[27],"13":[1],"14":[26],"15":[25],"16":[2],"17":[24],"18":[1],"19":[23],"20":[1],"21":[22],"22":[1],"23":[21],"24":[1],"25":[20],"26":[19],"27":[2],"28":[18],"29":[17],"30":[2],"31":[16],"32":[1],"33":[15],"34":[1],"35":[14],"36":[1],"37":[13],"38":[1],"39":[12],"40":[11],"41":[2],"42":[10],"43":[9],"44":[2],"45":[8],"46":[7],"47":[2],"48":[6],"49":[1],"50":[5],"51":[1],"52":[4],"53":[1],"54":[3],"55":[1],"56":[2],"57":[12],"58":[2],"59":[1],"60":[1],"61":[1],"62":[1],"63":[1],"64":[1],"65":[1],"66":[1],"67":[2],"68":[10],"69":[1],"70":[1],"71":[1],"72":[1],"73":[1],"74":[1],"75":[1],"76":[1],"77":[2]},"fnMap":{"0":{"name":"mapErrorMessage","decl":{"start":{"line":17,"column":7},"end":{"line":105,"column":1}},"loc":{"start":{"line":17,"column":7},"end":{"line":105,"column":1}},"line":17},"1":{"name":"getSuccessMessage","decl":{"start":{"line":113,"column":7},"end":{"line":136,"column":1}},"loc":{"start":{"line":113,"column":7},"end":{"line":136,"column":1}},"line":113},"2":{"name":"getLoadingMessage","decl":{"start":{"line":143,"column":7},"end":{"line":164,"column":1}},"loc":{"start":{"line":143,"column":7},"end":{"line":164,"column":1}},"line":143}},"f":{"0":35,"1":12,"2":10}}
,"/home/runner/work/antx/antx/src/lib/prisma.ts": {"path":"/home/runner/work/antx/antx/src/lib/prisma.ts","all":true,"statementMap":{"0":{"start":{"line":1,"column":0},"end":{"line":1,"column":46}},"2":{"start":{"line":3,"column":0},"end":{"line":3,"column":34}},"4":{"start":{"line":5,"column":0},"end":{"line":5,"column":22}}},"s":{"0":0,"2":0,"4":0},"branchMap":{"0":{"type":"branch","line":1,"loc":{"start":{"line":1,"column":106},"end":{"line":5,"column":22}},"locations":[{"start":{"line":1,"column":106},"end":{"line":5,"column":22}}]}},"b":{"0":[0]},"fnMap":{"0":{"name":"(empty-report)","decl":{"start":{"line":1,"column":106},"end":{"line":5,"column":22}},"loc":{"start":{"line":1,"column":106},"end":{"line":5,"column":22}},"line":1}},"f":{"0":0}}
,"/home/runner/work/antx/antx/src/lib/security.ts": {"path":"/home/runner/work/antx/antx/src/lib/security.ts","all":false,"statementMap":{"5":{"start":{"line":6,"column":0},"end":{"line":6,"column":54}},"6":{"start":{"line":7,"column":0},"end":{"line":7,"column":156}},"7":{"start":{"line":8,"column":0},"end":{"line":8,"column":73}},"8":{"start":{"line":9,"column":0},"end":{"line":9,"column":1}},"13":{"start":{"line":14,"column":0},"end":{"line":14,"column":92}},"14":{"start":{"line":15,"column":0},"end":{"line":15,"column":30}},"16":{"start":{"line":17,"column":0},"end":{"line":17,"column":28}},"17":{"start":{"line":18,"column":0},"end":{"line":18,"column":71}},"18":{"start":{"line":19,"column":0},"end":{"line":19,"column":3}},"20":{"start":{"line":21,"column":0},"end":{"line":21,"column":30}},"21":{"start":{"line":22,"column":0},"end":{"line":22,"column":71}},"22":{"start":{"line":23,"column":0},"end":{"line":23,"column":3}},"24":{"start":{"line":25,"column":0},"end":{"line":25,"column":32}},"25":{"start":{"line":26,"column":0},"end":{"line":26,"column":72}},"26":{"start":{"line":27,"column":0},"end":{"line":27,"column":3}},"28":{"start":{"line":29,"column":0},"end":{"line":29,"column":32}},"29":{"start":{"line":30,"column":0},"end":{"line":30,"column":72}},"30":{"start":{"line":31,"column":0},"end":{"line":31,"column":3}},"32":{"start":{"line":33,"column":0},"end":{"line":33,"column":29}},"33":{"start":{"line":34,"column":0},"end":{"line":34,"column":69}},"34":{"start":{"line":35,"column":0},"end":{"line":35,"column":3}},"36":{"start":{"line":37,"column":0},"end":{"line":37,"column":64}},"37":{"start":{"line":38,"column":0},"end":{"line":38,"column":79}},"38":{"start":{"line":39,"column":0},"end":{"line":39,"column":3}},"41":{"start":{"line":42,"column":0},"end":{"line":42,"column":83}},"42":{"start":{"line":43,"column":0},"end":{"line":43,"column":57}},"43":{"start":{"line":44,"column":0},"end":{"line":44,"column":51}},"44":{"start":{"line":45,"column":0},"end":{"line":45,"column":3}},"46":{"start":{"line":47,"column":0},"end":{"line":47,"column":10}},"47":{"start":{"line":48,"column":0},"end":{"line":48,"column":33}},"48":{"start":{"line":49,"column":0},"end":{"line":49,"column":10}},"49":{"start":{"line":50,"column":0},"end":{"line":50,"column":4}},"50":{"start":{"line":51,"column":0},"end":{"line":51,"column":1}},"55":{"start":{"line":56,"column":0},"end":{"line":56,"column":92}},"56":{"start":{"line":57,"column":0},"end":{"line":57,"column":30}},"58":{"start":{"line":59,"column":0},"end":{"line":59,"column":28}},"59":{"start":{"line":60,"column":0},"end":{"line":60,"column":76}},"60":{"start":{"line":61,"column":0},"end":{"line":61,"column":3}},"62":{"start":{"line":63,"column":0},"end":{"line":63,"column":29}},"63":{"start":{"line":64,"column":0},"end":{"line":64,"column":75}},"64":{"start":{"line":65,"column":0},"end":{"line":65,"column":3}},"66":{"start":{"line":67,"column":0},"end":{"line":67,"column":43}},"67":{"start":{"line":68,"column":0},"end":{"line":68,"column":106}},"68":{"start":{"line":69,"column":0},"end":{"line":69,"column":3}},"70":{"start":{"line":71,"column":0},"end":{"line":71,"column":57}},"71":{"start":{"line":72,"column":0},"end":{"line":72,"column":98}},"72":{"start":{"line":73,"column":0},"end":{"line":73,"column":3}},"75":{"start":{"line":76,"column":0},"end":{"line":76,"column":103}},"76":{"start":{"line":77,"column":0},"end":{"line":77,"column":59}},"77":{"start":{"line":78,"column":0},"end":{"line":78,"column":52}},"78":{"start":{"line":79,"column":0},"end":{"line":79,"column":3}},"80":{"start":{"line":81,"column":0},"end":{"line":81,"column":10}},"81":{"start":{"line":82,"column":0},"end":{"line":82,"column":33}},"82":{"start":{"line":83,"column":0},"end":{"line":83,"column":10}},"83":{"start":{"line":84,"column":0},"end":{"line":84,"column":4}},"84":{"start":{"line":85,"column":0},"end":{"line":85,"column":1}},"89":{"start":{"line":90,"column":0},"end":{"line":90,"column":53}},"90":{"start":{"line":91,"column":0},"end":{"line":91,"column":14}},"91":{"start":{"line":92,"column":0},"end":{"line":92,"column":27}},"92":{"start":{"line":93,"column":0},"end":{"line":93,"column":26}},"93":{"start":{"line":94,"column":0},"end":{"line":94,"column":26}},"94":{"start":{"line":95,"column":0},"end":{"line":95,"column":28}},"95":{"start":{"line":96,"column":0},"end":{"line":96,"column":29}},"96":{"start":{"line":97,"column":0},"end":{"line":97,"column":1}},"101":{"start":{"line":102,"column":0},"end":{"line":102,"column":50}},"102":{"start":{"line":103,"column":0},"end":{"line":103,"column":29}},"103":{"start":{"line":104,"column":0},"end":{"line":104,"column":1}},"108":{"start":{"line":109,"column":0},"end":{"line":109,"column":79}},"110":{"start":{"line":111,"column":0},"end":{"line":111,"column":121}},"111":{"start":{"line":112,"column":0},"end":{"line":112,"column":25}},"112":{"start":{"line":113,"column":0},"end":{"line":113,"column":46}},"114":{"start":{"line":115,"column":0},"end":{"line":115,"column":38}},"115":{"start":{"line":116,"column":0},"end":{"line":116,"column":76}},"116":{"start":{"line":117,"column":0},"end":{"line":117,"column":16}},"117":{"start":{"line":118,"column":0},"end":{"line":118,"column":3}},"119":{"start":{"line":120,"column":0},"end":{"line":120,"column":34}},"120":{"start":{"line":121,"column":0},"end":{"line":121,"column":17}},"121":{"start":{"line":122,"column":0},"end":{"line":122,"column":3}},"123":{"start":{"line":124,"column":0},"end":{"line":124,"column":15}},"124":{"start":{"line":125,"column":0},"end":{"line":125,"column":14}},"125":{"start":{"line":126,"column":0},"end":{"line":126,"column":1}},"130":{"start":{"line":131,"column":0},"end":{"line":131,"column":42}},"131":{"start":{"line":132,"column":0},"end":{"line":132,"column":25}},"132":{"start":{"line":133,"column":0},"end":{"line":133,"column":55}},"133":{"start":{"line":134,"column":0},"end":{"line":134,"column":31}},"134":{"start":{"line":135,"column":0},"end":{"line":135,"column":33}},"135":{"start":{"line":136,"column":0},"end":{"line":136,"column":5}},"136":{"start":{"line":137,"column":0},"end":{"line":137,"column":3}},"137":{"start":{"line":138,"column":0},"end":{"line":138,"column":1}},"140":{"start":{"line":141,"column":0},"end":{"line":141,"column":41}},"141":{"start":{"line":142,"column":0},"end":{"line":142,"column":47}},"142":{"start":{"line":143,"column":0},"end":{"line":143,"column":1}}},"s":{"5":1,"6":14,"7":14,"8":14,"13":1,"14":16,"16":16,"17":5,"18":5,"20":16,"21":1,"22":1,"24":16,"25":3,"26":3,"28":16,"29":7,"30":7,"32":16,"33":5,"34":5,"36":16,"37":7,"38":7,"41":16,"42":16,"43":6,"44":6,"46":16,"47":16,"48":16,"49":16,"50":16,"55":1,"56":20,"58":20,"59":1,"60":1,"62":20,"63":1,"64":1,"66":20,"67":4,"68":4,"70":20,"71":4,"72":4,"75":20,"76":20,"77":5,"78":5,"80":20,"81":20,"82":20,"83":20,"84":20,"89":1,"90":4,"91":4,"92":4,"93":4,"94":4,"95":4,"96":4,"101":1,"102":11,"103":11,"108":1,"110":1,"111":23,"112":23,"114":23,"115":6,"116":6,"117":6,"119":23,"120":3,"121":3,"123":14,"124":14,"125":14,"130":1,"131":5,"132":5,"133":11,"134":0,"135":0,"136":11,"137":5,"140":1,"141":1,"142":1},"branchMap":{"0":{"type":"branch","line":6,"loc":{"start":{"line":6,"column":7},"end":{"line":9,"column":1}},"locations":[{"start":{"line":6,"column":7},"end":{"line":9,"column":1}}]},"1":{"type":"branch","line":8,"loc":{"start":{"line":8,"column":30},"end":{"line":8,"column":73}},"locations":[{"start":{"line":8,"column":30},"end":{"line":8,"column":73}}]},"2":{"type":"branch","line":14,"loc":{"start":{"line":14,"column":7},"end":{"line":51,"column":1}},"locations":[{"start":{"line":14,"column":7},"end":{"line":51,"column":1}}]},"3":{"type":"branch","line":17,"loc":{"start":{"line":17,"column":27},"end":{"line":19,"column":3}},"locations":[{"start":{"line":17,"column":27},"end":{"line":19,"column":3}}]},"4":{"type":"branch","line":21,"loc":{"start":{"line":21,"column":29},"end":{"line":23,"column":3}},"locations":[{"start":{"line":21,"column":29},"end":{"line":23,"column":3}}]},"5":{"type":"branch","line":25,"loc":{"start":{"line":25,"column":31},"end":{"line":27,"column":3}},"locations":[{"start":{"line":25,"column":31},"end":{"line":27,"column":3}}]},"6":{"type":"branch","line":29,"loc":{"start":{"line":29,"column":31},"end":{"line":31,"column":3}},"locations":[{"start":{"line":29,"column":31},"end":{"line":31,"column":3}}]},"7":{"type":"branch","line":33,"loc":{"start":{"line":33,"column":28},"end":{"line":35,"column":3}},"locations":[{"start":{"line":33,"column":28},"end":{"line":35,"column":3}}]},"8":{"type":"branch","line":37,"loc":{"start":{"line":37,"column":63},"end":{"line":39,"column":3}},"locations":[{"start":{"line":37,"column":63},"end":{"line":39,"column":3}}]},"9":{"type":"branch","line":43,"loc":{"start":{"line":43,"column":56},"end":{"line":45,"column":3}},"locations":[{"start":{"line":43,"column":56},"end":{"line":45,"column":3}}]},"10":{"type":"branch","line":56,"loc":{"start":{"line":56,"column":7},"end":{"line":85,"column":1}},"locations":[{"start":{"line":56,"column":7},"end":{"line":85,"column":1}}]},"11":{"type":"branch","line":59,"loc":{"start":{"line":59,"column":27},"end":{"line":61,"column":3}},"locations":[{"start":{"line":59,"column":27},"end":{"line":61,"column":3}}]},"12":{"type":"branch","line":63,"loc":{"start":{"line":63,"column":28},"end":{"line":65,"column":3}},"locations":[{"start":{"line":63,"column":28},"end":{"line":65,"column":3}}]},"13":{"type":"branch","line":67,"loc":{"start":{"line":67,"column":42},"end":{"line":69,"column":3}},"locations":[{"start":{"line":67,"column":42},"end":{"line":69,"column":3}}]},"14":{"type":"branch","line":71,"loc":{"start":{"line":71,"column":27},"end":{"line":71,"column":56}},"locations":[{"start":{"line":71,"column":27},"end":{"line":71,"column":56}}]},"15":{"type":"branch","line":71,"loc":{"start":{"line":71,"column":56},"end":{"line":73,"column":3}},"locations":[{"start":{"line":71,"column":56},"end":{"line":73,"column":3}}]},"16":{"type":"branch","line":77,"loc":{"start":{"line":77,"column":58},"end":{"line":79,"column":3}},"locations":[{"start":{"line":77,"column":58},"end":{"line":79,"column":3}}]},"17":{"type":"branch","line":90,"loc":{"start":{"line":90,"column":7},"end":{"line":97,"column":1}},"locations":[{"start":{"line":90,"column":7},"end":{"line":97,"column":1}}]},"18":{"type":"branch","line":102,"loc":{"start":{"line":102,"column":7},"end":{"line":104,"column":1}},"locations":[{"start":{"line":102,"column":7},"end":{"line":104,"column":1}}]},"19":{"type":"branch","line":111,"loc":{"start":{"line":111,"column":7},"end":{"line":126,"column":1}},"locations":[{"start":{"line":111,"column":7},"end":{"line":126,"column":1}}]},"20":{"type":"branch","line":115,"loc":{"start":{"line":115,"column":7},"end":{"line":115,"column":37}},"locations":[{"start":{"line":115,"column":7},"end":{"line":115,"column":37}}]},"21":{"type":"branch","line":115,"loc":{"start":{"line":115,"column":37},"end":{"line":118,"column":3}},"locations":[{"start":{"line":115,"column":37},"end":{"line":118,"column":3}}]},"22":{"type":"branch","line":118,"loc":{"start":{"line":118,"column":2},"end":{"line":120,"column":33}},"locations":[{"start":{"line":118,"column":2},"end":{"line":120,"column":33}}]},"23":{"type":"branch","line":120,"loc":{"start":{"line":120,"column":33},"end":{"line":122,"column":3}},"locations":[{"start":{"line":120,"column":33},"end":{"line":122,"column":3}}]},"24":{"type":"branch","line":122,"loc":{"start":{"line":122,"column":2},"end":{"line":126,"column":1}},"locations":[{"start":{"line":122,"column":2},"end":{"line":126,"column":1}}]},"25":{"type":"branch","line":131,"loc":{"start":{"line":131,"column":7},"end":{"line":138,"column":1}},"locations":[{"start":{"line":131,"column":7},"end":{"line":138,"column":1}}]},"26":{"type":"branch","line":133,"loc":{"start":{"line":133,"column":54},"end":{"line":137,"column":3}},"locations":[{"start":{"line":133,"column":54},"end":{"line":137,"column":3}}]},"27":{"type":"branch","line":134,"loc":{"start":{"line":134,"column":30},"end":{"line":136,"column":5}},"locations":[{"start":{"line":134,"column":30},"end":{"line":136,"column":5}}]}},"b":{"0":[14],"1":[8],"2":[16],"3":[5],"4":[1],"5":[3],"6":[7],"7":[5],"8":[7],"9":[6],"10":[20],"11":[1],"12":[1],"13":[4],"14":[18],"15":[4],"16":[5],"17":[4],"18":[11],"19":[23],"20":[17],"21":[6],"22":[17],"23":[3],"24":[14],"25":[5],"26":[11],"27":[0]},"fnMap":{"0":{"name":"isValidEmail","decl":{"start":{"line":6,"column":7},"end":{"line":9,"column":1}},"loc":{"start":{"line":6,"column":7},"end":{"line":9,"column":1}},"line":6},"1":{"name":"validatePassword","decl":{"start":{"line":14,"column":7},"end":{"line":51,"column":1}},"loc":{"start":{"line":14,"column":7},"end":{"line":51,"column":1}},"line":14},"2":{"name":"validateUsername","decl":{"start":{"line":56,"column":7},"end":{"line":85,"column":1}},"loc":{"start":{"line":56,"column":7},"end":{"line":85,"column":1}},"line":56},"3":{"name":"sanitizeHtml","decl":{"start":{"line":90,"column":7},"end":{"line":97,"column":1}},"loc":{"start":{"line":90,"column":7},"end":{"line":97,"column":1}},"line":90},"4":{"name":"isValidOTP","decl":{"start":{"line":102,"column":7},"end":{"line":104,"column":1}},"loc":{"start":{"line":102,"column":7},"end":{"line":104,"column":1}},"line":102},"5":{"name":"checkRateLimit","decl":{"start":{"line":111,"column":7},"end":{"line":126,"column":1}},"loc":{"start":{"line":111,"column":7},"end":{"line":126,"column":1}},"line":111},"6":{"name":"cleanupRateLimit","decl":{"start":{"line":131,"column":7},"end":{"line":138,"column":1}},"loc":{"start":{"line":131,"column":7},"end":{"line":138,"column":1}},"line":131}},"f":{"0":14,"1":16,"2":20,"3":4,"4":11,"5":23,"6":5}}
,"/home/runner/work/antx/antx/src/lib/smtp.ts": {"path":"/home/runner/work/antx/antx/src/lib/smtp.ts","all":false,"statementMap":{"0":{"start":{"line":1,"column":0},"end":{"line":1,"column":36}},"3":{"start":{"line":4,"column":0},"end":{"line":4,"column":20}},"4":{"start":{"line":5,"column":0},"end":{"line":5,"column":74}},"5":{"start":{"line":6,"column":0},"end":{"line":6,"column":78}},"6":{"start":{"line":7,"column":0},"end":{"line":7,"column":78}},"7":{"start":{"line":8,"column":0},"end":{"line":8,"column":9}},"8":{"start":{"line":9,"column":0},"end":{"line":9,"column":67}},"9":{"start":{"line":10,"column":0},"end":{"line":10,"column":74}},"10":{"start":{"line":11,"column":0},"end":{"line":11,"column":4}},"12":{"start":{"line":13,"column":0},"end":{"line":13,"column":8}},"13":{"start":{"line":14,"column":0},"end":{"line":14,"column":29}},"14":{"start":{"line":15,"column":0},"end":{"line":15,"column":3}},"15":{"start":{"line":16,"column":0},"end":{"line":16,"column":2}},"44":{"start":{"line":45,"column":0},"end":{"line":45,"column":111}},"45":{"start":{"line":46,"column":0},"end":{"line":46,"column":80}},"46":{"start":{"line":47,"column":0},"end":{"line":47,"column":61}},"49":{"start":{"line":50,"column":0},"end":{"line":50,"column":79}},"50":{"start":{"line":51,"column":0},"end":{"line":51,"column":18}},"51":{"start":{"line":52,"column":0},"end":{"line":52,"column":42}},"52":{"start":{"line":53,"column":0},"end":{"line":53,"column":133}},"53":{"start":{"line":54,"column":0},"end":{"line":54,"column":6}},"54":{"start":{"line":55,"column":0},"end":{"line":55,"column":21}},"55":{"start":{"line":56,"column":0},"end":{"line":56,"column":55}},"56":{"start":{"line":57,"column":0},"end":{"line":57,"column":163}},"57":{"start":{"line":58,"column":0},"end":{"line":58,"column":6}},"58":{"start":{"line":59,"column":0},"end":{"line":59,"column":19}},"59":{"start":{"line":60,"column":0},"end":{"line":60,"column":54}},"60":{"start":{"line":61,"column":0},"end":{"line":61,"column":154}},"61":{"start":{"line":62,"column":0},"end":{"line":62,"column":6}},"62":{"start":{"line":63,"column":0},"end":{"line":63,"column":18}},"63":{"start":{"line":64,"column":0},"end":{"line":64,"column":42}},"64":{"start":{"line":65,"column":0},"end":{"line":65,"column":120}},"65":{"start":{"line":66,"column":0},"end":{"line":66,"column":6}},"66":{"start":{"line":67,"column":0},"end":{"line":67,"column":14}},"67":{"start":{"line":68,"column":0},"end":{"line":68,"column":51}},"68":{"start":{"line":69,"column":0},"end":{"line":69,"column":167}},"69":{"start":{"line":70,"column":0},"end":{"line":70,"column":6}},"70":{"start":{"line":71,"column":0},"end":{"line":71,"column":16}},"71":{"start":{"line":72,"column":0},"end":{"line":72,"column":41}},"72":{"start":{"line":73,"column":0},"end":{"line":73,"column":117}},"73":{"start":{"line":74,"column":0},"end":{"line":74,"column":6}},"74":{"start":{"line":75,"column":0},"
[...]
olumn":73}},"125":{"start":{"line":126,"column":0},"end":{"line":126,"column":77}},"134":{"start":{"line":135,"column":0},"end":{"line":135,"column":73}},"135":{"start":{"line":136,"column":0},"end":{"line":136,"column":18}},"136":{"start":{"line":137,"column":0},"end":{"line":137,"column":25}},"137":{"start":{"line":138,"column":0},"end":{"line":138,"column":27}},"138":{"start":{"line":139,"column":0},"end":{"line":139,"column":24}},"139":{"start":{"line":140,"column":0},"end":{"line":140,"column":34}},"140":{"start":{"line":141,"column":0},"end":{"line":141,"column":27}},"141":{"start":{"line":142,"column":0},"end":{"line":142,"column":32}},"142":{"start":{"line":143,"column":0},"end":{"line":143,"column":22}},"144":{"start":{"line":145,"column":0},"end":{"line":145,"column":22}},"146":{"start":{"line":147,"column":0},"end":{"line":147,"column":67}},"147":{"start":{"line":148,"column":0},"end":{"line":148,"column":96}},"149":{"start":{"line":150,"column":0},"end":{"line":150,"column":80}},"150":{"start":{"line":151,"column":0},"end":{"line":151,"column":84}},"159":{"start":{"line":160,"column":0},"end":{"line":160,"column":13}}},"s":{"0":0,"1":0,"2":0,"3":0,"4":0,"5":0,"6":0,"9":0,"10":0,"11":0,"12":0,"15":0,"32":0,"33":0,"34":0,"35":0,"36":0,"37":0,"38":0,"40":0,"42":0,"43":0,"44":0,"45":0,"46":0,"47":0,"48":0,"50":0,"60":0,"62":0,"63":0,"70":0,"71":0,"72":0,"73":0,"74":0,"75":0,"76":0,"78":0,"80":0,"81":0,"82":0,"83":0,"84":0,"85":0,"86":0,"88":0,"98":0,"100":0,"101":0,"112":0,"113":0,"114":0,"115":0,"116":0,"117":0,"118":0,"120":0,"122":0,"124":0,"125":0,"134":0,"135":0,"136":0,"137":0,"138":0,"139":0,"140":0,"141":0,"142":0,"144":0,"146":0,"147":0,"149":0,"150":0,"159":0},"branchMap":{"0":{"type":"branch","line":1,"loc":{"start":{"line":1,"column":12621},"end":{"line":370,"column":9}},"locations":[{"start":{"line":1,"column":12621},"end":{"line":370,"column":9}}]}},"b":{"0":[0]},"fnMap":{"0":{"name":"(empty-report)","decl":{"start":{"line":1,"column":12621},"end":{"line":370,"column":9}},"loc":{"start":{"line":1,"column":12621},"end":{"line":370,"column":9}},"line":1}},"f":{"0":0}}
,"/home/runner/work/antx/antx/src/pages/index.astro": {"path":"/home/runner/work/antx/antx/src/pages/index.astro","all":true,"statementMap":{"0":{"start":{"line":1,"column":0},"end":{"line":1,"column":3}},"1":{"start":{"line":2,"column":0},"end":{"line":2,"column":50}},"4":{"start":{"line":5,"column":0},"end":{"line":5,"column":31}},"5":{"start":{"line":6,"column":0},"end":{"line":6,"column":37}},"8":{"start":{"line":9,"column":0},"end":{"line":9,"column":73}},"12":{"start":{"line":13,"column":0},"end":{"line":13,"column":15}},"14":{"start":{"line":15,"column":0},"end":{"line":15,"column":56}},"15":{"start":{"line":16,"column":0},"end":{"line":16,"column":111}},"19":{"start":{"line":20,"column":0},"end":{"line":20,"column":8}},"23":{"start":{"line":24,"column":0},"end":{"line":24,"column":15}},"33":{"start":{"line":34,"column":0},"end":{"line":34,"column":39}},"39":{"start":{"line":40,"column":0},"end":{"line":40,"column":14}},"65":{"start":{"line":66,"column":0},"end":{"line":66,"column":8}},"97":{"start":{"line":98,"column":0},"end":{"line":98,"column":13}}},"s":{"0":0,"1":0,"4":0,"5":0,"8":0,"12":0,"14":0,"15":0,"19":0,"23":0,"33":0,"39":0,"65":0,"97":0},"branchMap":{"0":{"type":"branch","line":1,"loc":{"start":{"line":1,"column":6337},"end":{"line":276,"column":8}},"locations":[{"start":{"line":1,"column":6337},"end":{"line":276,"column":8}}]}},"b":{"0":[0]},"fnMap":{"0":{"name":"(empty-report)","decl":{"start":{"line":1,"column":6337},"end":{"line":276,"column":8}},"loc":{"start":{"line":1,"column":6337},"end":{"line":276,"column":8}},"line":1}},"f":{"0":0}}
,"/home/runner/work/antx/antx/src/pages/inscription.astro": {"path":"/home/runner/work/antx/antx/src/pages/inscription.astro","all":true,"statementMap":{"0":{"start":{"line":1,"column":0},"end":{"line":1,"column":3}},"1":{"start":{"line":2,"column":0},"end":{"line":2,"column":31}},"2":{"start":{"line":3,"column":0},"end":{"line":3,"column":51}},"3":{"start":{"line":4,"column":0},"end":{"line":4,"column":47}},"4":{"start":{"line":5,"column":0},"end":{"line":5,"column":49}},"5":{"start":{"line":6,"column":0},"end":{"line":6,"column":47}},"6":{"start":{"line":7,"column":0},"end":{"line":7,"column":55}},"9":{"start":{"line":10,"column":0},"end":{"line":10,"column":31}},"10":{"start":{"line":11,"column":0},"end":{"line":11,"column":11}},"11":{"start":{"line":12,"column":0},"end":{"line":12,"column":29}},"12":{"start":{"line":13,"column":0},"end":{"line":13,"column":1}},"15":{"start":{"line":16,"column":0},"end":{"line":16,"column":65}},"25":{"start":{"line":26,"column":0},"end":{"line":26,"column":60}},"26":{"start":{"line":27,"column":0},"end":{"line":27,"column":18}},"27":{"start":{"line":28,"column":0},"end":{"line":28,"column":25}},"28":{"start":{"line":29,"column":0},"end":{"line":29,"column":23}},"29":{"start":{"line":30,"column":0},"end":{"line":30,"column":25}},"30":{"start":{"line":31,"column":0},"end":{"line":31,"column":45}},"31":{"start":{"line":32,"column":0},"end":{"line":32,"column":22}},"33":{"start":{"line":34,"column":0},"end":{"line":34,"column":22}},"35":{"start":{"line":36,"column":0},"end":{"line":36,"column":141}},"36":{"start":{"line":37,"column":0},"end":{"line":37,"column":18}},"37":{"start":{"line":38,"column":0},"end":{"line":38,"column":25}},"38":{"start":{"line":39,"column":0},"end":{"line":39,"column":27}},"39":{"start":{"line":40,"column":0},"end":{"line":40,"column":29}},"40":{"start":{"line":41,"column":0},"end":{"line":41,"column":43}},"41":{"start":{"line":42,"column":0},"end":{"line":42,"column":37}},"42":{"start":{"line":43,"column":0},"end":{"line":43,"column":27}},"43":{"start":{"line":44,"column":0},"end":{"line":44,"column":28}},"44":{"start":{"line":45,"column":0},"end":{"line":45,"column":22}},"46":{"start":{"line":47,"column":0},"end":{"line":47,"column":22}},"49":{"start":{"line":50,"column":0},"end":{"line":50,"column":61}},"50":{"start":{"line":51,"column":0},"end":{"line":51,"column":16}},"51":{"start":{"line":52,"column":0},"end":{"line":52,"column":24}},"52":{"start":{"line":53,"column":0},"end":{"line":53,"column":22}},"53":{"start":{"line":54,"column":0},"end":{"line":54,"column":24}},"54":{"start":{"line":55,"column":0},"end":{"line":55,"column":41}},"55":{"start":{"line":56,"column":0},"end":{"line":56,"column":20}},"57":{"start":{"line":58,"column":0},"end":{"line":58,"column":20}},"60":{"start":{"line":61,"column":0},"end":{"line":61,"column":65}},"61":{"start":{"line":62,"column":0},"end":{"line":62,"column":18}},"62":{"start":{"line":63,"column":0},"end":{"line":63,"column":29}},"63":{"start":{"line":64,"column":0},"end":{"line":64,"column":27}},"64":{"start":{"line":65,"column":0},"end":{"line":65,"column":29}},"65":{"start":{"line":66,"column":0},"end":{"line":66,"column":49}},"66":{"start":{"line":67,"column":0},"end":{"line":67,"column":27}},"67":{"start":{"line":68,"column":0},"end":{"line":68,"column":22}},"70":{"start":{"line":71,"column":0},"end":{"line":71,"column":22}},"72":{"start":{"line":73,"column":0},"end":{"line":73,"column":85}},"73":{"start":{"line":74,"column":0},"end":{"line":74,"column":18}},"74":{"start":{"line":75,"column":0},"end":{"line":75,"column":29}},"75":{"start":{"line":76,"column":0},"end":{"line":76,"column":34}},"76":{"start":{"line":77,"column":0},"end":{"line":77,"column":36}},"77":{"start":{"line":78,"column":0},"end":{"line":78,"column":53}},"78":{"start":{"line":79,"column":0},"end":{"line":79,"column":22}},"80":{"start":{"line":81,"column":0},"end":{"line":81,"column":22}},"107":{"start":{"line":108,"column":0},"end":{"line":108,"column":66}},"108":{"start":{"line":109,"column":0},"end":{"line":109,"column":20}},"109":{"start":{"line":110,"column":0},"end":{"line":110,"column":27}},"110":{"start":{"line":111,"column":0},"end":{"line":111,"column":28}},"111":{"start":{"line":112,"column":0},"end":{"line":112,"column":30}},"112":{"start":{"line":113,"column":0},"end":{"line":113,"column":44}},"114":{"start":{"line":115,"column":0},"end":{"line":115,"column":24}},"115":{"start":{"line":116,"column":0},"end":{"line":116,"column":124}},"116":{"start":{"line":117,"column":0},"end":{"line":117,"column":20}},"117":{"start":{"line":118,"column":0},"end":{"line":118,"column":27}},"118":{"start":{"line":119,"column":0},"end":{"line":119,"column":28}},"119":{"start":{"line":120,"column":0},"end":{"line":120,"column":30}},"120":{"start":{"line":121,"column":0},"end":{"line":121,"column":44}},"121":{"start":{"line":122,"column":0},"end":{"line":122,"column":36}},"123":{"start":{"line":124,"column":0},"end":{"line":124,"column":24}},"128":{"start":{"line":129,"column":0},"end":{"line":129,"column":142}},"129":{"start":{"line":130,"column":0},"end":{"line":130,"column":20}},"130":{"start":{"line":131,"column":0},"end":{"line":131,"column":27}},"131":{"start":{"line":132,"column":0},"end":{"line":132,"column":31}},"132":{"start":{"line":133,"column":0},"end":{"line":133,"column":33}},"133":{"start":{"line":134,"column":0},"end":{"line":134,"column":49}},"135":{"start":{"line":136,"column":0},"end":{"line":136,"column":24}},"153":{"start":{"line":154,"column":0},"end":{"line":154,"column":65}},"155":{"start":{"line":156,"column":0},"end":{"line":156,"column":74}},"156":{"start":{"line":157,"column":0},"end":{"line":157,"column":78}},"164":{"start":{"line":165,"column":0},"end":{"line":165,"column":13}}},"s":{"0":0,"1":0,"2":0,"3":0,"4":0,"5":0,"6":0,"9":0,"10":0,"11":0,"12":0,"15":0,"25":0,"26":0,"27":0,"28":0,"29":0,"30":0,"31":0,"33":0,"35":0,"36":0,"37":0,"38":0,"39":0,"40":0,"41":0,"42":0,"43":0,"44":0,"46":0,"49":0,"50":0,"51":0,"52":0,"53":0,"54":0,"55":0,"57":0,"60":0,"61":0,"62":0,"63":0,"64":0,"65":0,"66":0,"67":0,"70":0,"72":0,"73":0,"74":0,"75":0,"76":0,"77":0,"78":0,"80":0,"107":0,"108":0,"109":0,"110":0,"111":0,"112":0,"114":0,"115":0,"116":0,"117":0,"118":0,"119":0,"120":0,"121":0,"123":0,"128":0,"129":0,"130":0,"131":0,"132":0,"133":0,"135":0,"153":0,"155":0,"156":0,"164":0},"branchMap":{"0":{"type":"branch","line":1,"loc":{"start":{"line":1,"column":11684},"end":{"line":347,"column":9}},"locations":[{"start":{"line":1,"column":11684},"end":{"line":347,"column":9}}]}},"b":{"0":[0]},"fnMap":{"0":{"name":"(empty-report)","decl":{"start":{"line":1,"column":11684},"end":{"line":347,"column":9}},"loc":{"start":{"line":1,"column":11684},"end":{"line":347,"column":9}},"line":1}},"f":{"0":0}}
,"/home/runner/work/antx/antx/src/pages/mot-de-passe-oublie.astro": {"path":"/home/runner/work/antx/antx/src/pages/mot-de-passe-oublie.astro","all":true,"statementMap":{"0":{"start":{"line":1,"column":0},"end":{"line":1,"column":3}},"1":{"start":{"line":2,"column":0},"end":{"line":2,"column":31}},"2":{"start":{"line":3,"column":0},"end":{"line":3,"column":51}},"3":{"start":{"line":4,"column":0},"end":{"line":4,"column":47}},"4":{"start":{"line":5,"column":0},"end":{"line":5,"column":49}},"5":{"start":{"line":6,"column":0},"end":{"line":6,"column":47}},"6":{"start":{"line":7,"column":0},"end":{"line":7,"column":55}},"9":{"start":{"line":10,"column":0},"end":{"line":10,"column":31}},"10":{"start":{"line":11,"column":0},"end":{"line":11,"column":11}},"11":{"start":{"line":12,"column":0},"end":{"line":12,"column":29}},"12":{"start":{"line":13,"column":0},"end":{"line":13,"column":1}},"15":{"start":{"line":16,"column":0},"end":{"line":16,"column":87}},"26":{"start":{"line":27,"column":0},"end":{"line":27,"column":112}},"27":{"start":{"line":28,"column":0},"end":{"line":28,"column":18}},"28":{"start":{"line":29,"column":0},"end":{"line":29,"column":26}},"29":{"start":{"line":30,"column":0},"end":{"line":30,"column":24}},"30":{"start":{"line":31,"column":0},"end":{"line":31,"column":26}},"31":{"start":{"line":32,"column":0},"end":{"line":32,"column":43}},"32":{"start":{"line":33,"column":0},"end":{"line":33,"column":22}},"34":{"start":{"line":35,"column":0},"end":{"line":35,"column":22}},"36":{"start":{"line":37,"column":0},"end":{"line":37,"column":66}},"38":{"start":{"line":39,"column":0},"end":{"line":39,"column":77}},"39":{"start":{"line":40,"column":0},"end":{"line":40,"column":81}},"46":{"start":{"line":47,"column":0},"end":{"line":47,"column":109}},"47":{"start":{"line":48,"column":0},"end":{"line":48,"column":18}},"48":{"start":{"line":49,"column":0},"end":{"line":49,"column":25}},"49":{"start":{"line":50,"column":0},"end":{"line":50,"column":22}},"50":{"start":{"line":51,"column":0},"end":{"line":51,"column":24}},"51":{"start":{"line":52,"column":0},"end":{"line":52,"column":34}},"52":{"start":{"line":53,"column":0},"end":{"line":53,"column":27}},"53":{"start":{"line":54,"column":0},"end":{"line":54,"column":32}},"54":{"start":{"line":55,"column":0},"end":{"line":55,"column":22}},"56":{"start":{"line":57,"column":0},"end":{"line":57,"column":22}},"58":{"start":{"line":59,"column":0},"end":{"line":59,"column":76}},"59":{"start":{"line":60,"column":0},"end":{"line":60,"column":18}},"60":{"start":{"line":61,"column":0},"end":{"line":61,"column":29}},"61":{"start":{"line":62,"column":0},"end":{"line":62,"column":30}},"62":{"start":{"line":63,"column":0},"end":{"line":63,"column":32}},"63":{"start":{"line":64,"column":0},"end":{"line":64,"column":57}},"64":{"start":{"line":65,"column":0},"end":{"line":65,"column":27}},"65":{"start":{"line":66,"column":0},"end":{"line":66,"column":22}},"68":{"start":{"line":69,"column":0},"end":{"line":69,"column":22}},"70":{"start":{"line":71,"column":0},"end":{"line":71,"column":85}},"71":{"start":{"line":72,"column":0},"end":{"line":72,"column":18}},"72":{"start":{"line":73,"column":0},"end":{"line":73,"column":29}},"73":{"start":{"line":74,"column":0},"end":{"line":74,"column":34}},"74":{"start":{"line":75,"column":0},"end":{"line":75,"column":36}},"75":{"start":{"line":76,"column":0},"end":{"line":76,"column":64}},"76":{"start":{"line":77,"column":0},"end":{"line":77,"column":22}},"78":{"start":{"line":79,"column":0},"end":{"line":79,"column":22}},"80":{"start":{"line":81,"column":0},"end":{"line":81,"column":80}},"81":{"start":{"line":82,"column":0},"end":{"line":82,"column":91}},"83":{"start":{"line":84,"column":0},"end":{"line":84,"column":75}},"84":{"start":{"line":85,"column":0},"end":{"line":85,"column":79}},"94":{"start":{"line":95,"column":0},"end":{"line":95,"column":67}},"104":{"start":{"line":105,"column":0},"end":{"line":105,"column":13}}},"s":{"0":0,"1":0,"2":0,"3":0,"4":0,"5":0,"6":0,"9":0,"10":0,"11":0,"12":0,"15":0,"26":0,"27":0,"28":0,"29":0,"30":0,"31":0,"32":0,"34":0,"36":0,"38":0,"39":0,"46":0,"47":0,"48":0,"49":0,"50":0,"51":0,"52":0,"53":0,"54":0,"56":0,"58":0,"59":0,"60":0,"61":0,"62":0,"63":0,"64":0,"65":0,"68":0,"70":0,"71":0,"72":0,"73":0,"74":0,"75":0,"76":0,"78":0,"80":0,"81":0,"83":0,"84":0,"94":0,"104":0},"branchMap":{"0":{"type":"branch","line":1,"loc":{"start":{"line":1,"column":10067},"end":{"line":296,"column":9}},"locations":[{"start":{"line":1,"column":10067},"end":{"line":296,"column":9}}]}},"b":{"0":[0]},"fnMap":{"0":{"name":"(empty-report)","decl":{"start":{"line":1,"column":10067},"end":{"line":296,"column":9}},"loc":{"start":{"line":1,"column":10067},"end":{"line":296,"column":9}},"line":1}},"f":{"0":0}}
,"/home/runner/work/antx/antx/src/pages/organisations.astro": {"path":"/home/runner/work/antx/antx/src/pages/organisations.astro","all":true,"statementMap":{"0":{"start":{"line":1,"column":0},"end":{"line":1,"column":3}},"1":{"start":{"line":2,"column":0},"end":{"line":2,"column":31}},"2":{"start":{"line":3,"column":0},"end":{"line":3,"column":51}},"5":{"start":{"line":6,"column":0},"end":{"line":6,"column":31}},"6":{"start":{"line":7,"column":0},"end":{"line":7,"column":37}},"8":{"start":{"line":9,"column":0},"end":{"line":9,"column":12}},"9":{"start":{"line":10,"column":0},"end":{"line":10,"column":38}},"10":{"start":{"line":11,"column":0},"end":{"line":11,"column":1}},"13":{"start":{"line":14,"column":0},"end":{"line":14,"column":76}},"170":{"start":{"line":171,"column":0},"end":{"line":171,"column":13}}},"s":{"0":0,"1":0,"2":0,"5":0,"6":0,"8":0,"9":0,"10":0,"13":0,"170":0},"branchMap":{"0":{"type":"branch","line":1,"loc":{"start":{"line":1,"column":25469},"end":{"line":1008,"column":9}},"locations":[{"start":{"line":1,"column":25469},"end":{"line":1008,"column":9}}]}},"b":{"0":[0]},"fnMap":{"0":{"name":"(empty-report)","decl":{"start":{"line":1,"column":25469},"end":{"line":1008,"column":9}},"loc":{"start":{"line":1,"column":25469},"end":{"line":1008,"column":9}},"line":1}},"f":{"0":0}}
,"/home/runner/work/antx/antx/src/pages/profil.astro": {"path":"/home/runner/work/antx/antx/src/pages/profil.astro","all":true,"statementMap":{"0":{"start":{"line":1,"column":0},"end":{"line":1,"column":3}},"1":{"start":{"line":2,"column":0},"end":{"line":2,"column":31}},"2":{"start":{"line":3,"column":0},"end":{"line":3,"column":51}},"5":{"start":{"line":6,"column":0},"end":{"line":6,"column":31}},"6":{"start":{"line":7,"column":0},"end":{"line":7,"column":37}},"8":{"start":{"line":9,"column":0},"end":{"line":9,"column":12}},"9":{"start":{"line":10,"column":0},"end":{"line":10,"column":38}},"10":{"start":{"line":11,"column":0},"end":{"line":11,"column":1}},"13":{"start":{"line":14,"column":0},"end":{"line":14,"column":76}},"31":{"start":{"line":32,"column":0},"end":{"line":32,"column":135}},"42":{"start":{"line":43,"column":0},"end":{"line":43,"column":56}},"46":{"start":{"line":47,"column":0},"end":{"line":47,"column":80}},"50":{"start":{"line":51,"column":0},"end":{"line":51,"column":58}},"51":{"start":{"line":52,"column":0},"end":{"line":52,"column":93}},"52":{"start":{"line":53,"column":0},"end":{"line":53,"column":69}},"57":{"start":{"line":58,"column":0},"end":{"line":58,"column":73}},"61":{"start":{"line":62,"column":0},"end":{"line":62,"column":81}},"70":{"start":{"line":71,"column":0},"end":{"line":71,"column":87}},"74":{"start":{"line":75,"column":0},"end":{"line":75,"column":96}},"78":{"start":{"line":79,"column":0},"end":{"line":79,"column":91}},"90":{"start":{"line":91,"column":0},"end":{"line":91,"column":31}},"114":{"start":{"line":115,"column":0},"end":{"line":115,"column":8}},"193":{"start":{"line":194,"column":0},"end":{"line":194,"column":13}}},"s":{"0":0,"1":0,"2":0,"5":0,"6":0,"8":0,"9":0,"10":0,"13":0,"31":0,"42":0,"46":0,"50":0,"51":0,"52":0,"57":0,"61":0,"70":0,"74":0,"78":0,"90":0,"114":0,"193":0},"branchMap":{"0":{"type":"branch","line":1,"loc":{"start":{"line":1,"column":24416},"end":{"line":861,"column":9}},"locations":[{"start":{"line":1,"column":24416},"end":{"line":861,"column":9}}]}},"b":{"0":[0]},"fnMap":{"0":{"name":"(empty-report)","decl":{"start":{"line":1,"column":24416},"end":{"line":861,"column":9}},"loc":{"start":{"line":1,"column":24416},"end":{"line":861,"column":9}},"line":1}},"f":{"0":0}}
,"/home/runner/work/antx/antx/src/pages/api/auth/[...all].ts": {"path":"/home/runner/work/antx/antx/src/pages/api/auth/[...all].ts","all":true,"statementMap":{"0":{"start":{"line":1,"column":0},"end":{"line":1,"column":33}},"1":{"start":{"line":2,"column":0},"end":{"line":2,"column":38}},"2":{"start":{"line":3,"column":0},"end":{"line":3,"column":0}},"3":{"start":{"line":4,"column":0},"end":{"line":4,"column":45}},"4":{"start":{"line":5,"column":0},"end":{"line":5,"column":123}},"5":{"start":{"line":6,"column":0},"end":{"line":6,"column":66}},"6":{"start":{"line":7,"column":0},"end":{"line":7,"column":34}},"7":{"start":{"line":8,"column":0},"end":{"line":8,"column":2}}},"s":{"0":0,"1":0,"2":0,"3":0,"4":0,"5":0,"6":0,"7":0},"branchMap":{"0":{"type":"branch","line":1,"loc":{"start":{"line":1,"column":0},"end":{"line":8,"column":2}},"locations":[{"start":{"line":1,"column":0},"end":{"line":8,"column":2}}]}},"b":{"0":[0]},"fnMap":{"0":{"name":"(empty-report)","decl":{"start":{"line":1,"column":0},"end":{"line":8,"column":2}},"loc":{"start":{"line":1,"column":0},"end":{"line":8,"column":2}},"line":1}},"f":{"0":0}}
}
