TN:
SF:.astro/content-assets.mjs
FN:1,(empty-report)
FNF:1
FNH:0
FNDA:0,(empty-report)
DA:1,0
LF:1
LH:0
BRDA:1,0,0,0
BRF:1
BRH:0
end_of_record
TN:
SF:.astro/content-modules.mjs
FN:1,(empty-report)
FNF:1
FNH:0
FNDA:0,(empty-report)
DA:1,0
LF:1
LH:0
BRDA:1,0,0,0
BRF:1
BRH:0
end_of_record
TN:
SF:scripts/test-db-connection.ts
FN:1,(empty-report)
FNF:1
FNH:0
FNDA:0,(empty-report)
DA:1,0
DA:3,0
DA:4,0
DA:5,0
DA:6,0
DA:7,0
DA:8,0
DA:9,0
DA:10,0
DA:11,0
DA:12,0
DA:13,0
DA:15,0
LF:13
LH:0
BRDA:1,0,0,0
BRF:1
BRH:0
end_of_record
TN:
SF:src/middleware.ts
FN:1,(empty-report)
FNF:1
FNH:1
FNDA:1,(empty-report)
DA:2,0
DA:6,0
DA:7,0
DA:8,0
DA:9,0
DA:10,0
DA:11,0
DA:12,0
DA:13,0
DA:14,0
DA:15,0
DA:16,0
DA:19,0
DA:20,0
DA:21,0
DA:22,0
DA:25,0
DA:26,0
DA:27,0
DA:28,0
DA:29,0
DA:31,0
DA:32,0
DA:34,0
DA:35,0
DA:36,0
DA:39,0
DA:40,0
DA:43,0
DA:45,0
DA:46,0
DA:47,0
DA:48,0
DA:49,0
DA:50,0
DA:51,0
DA:52,0
DA:55,0
DA:56,0
DA:57,0
DA:58,0
DA:59,0
DA:60,0
DA:61,0
DA:62,0
DA:63,0
DA:67,0
DA:68,0
DA:69,0
DA:70,0
DA:71,0
DA:72,0
DA:73,0
DA:74,0
DA:75,0
DA:78,0
DA:79,0
DA:80,0
DA:81,0
DA:82,0
DA:83,0
DA:84,0
DA:85,0
DA:88,0
DA:89,0
DA:92,0
DA:94,0
DA:95,0
DA:96,0
DA:97,0
DA:100,0
DA:101,0
DA:102,0
DA:109,0
DA:112,0
DA:113,0
DA:114,0
DA:115,0
DA:116,0
DA:117,0
DA:118,0
DA:120,0
DA:122,0
DA:124,0
DA:127,0
DA:128,0
DA:129,0
DA:130,0
DA:131,0
DA:132,0
DA:133,0
DA:134,0
LF:92
LH:0
BRDA:1,0,0,1
BRF:1
BRH:1
end_of_record
TN:
SF:src/components/Header/Brand.astro
FN:1,(empty-report)
FNF:1
FNH:0
FNDA:0,(empty-report)
DA:1,0
LF:1
LH:0
BRDA:1,0,0,0
BRF:1
BRH:0
end_of_record
TN:
SF:src/components/Header/Header.astro
FN:1,(empty-report)
FNF:1
FNH:0
FNDA:0,(empty-report)
DA:1,0
DA:2,0
DA:3,0
DA:8,0
DA:9,0
LF:5
LH:0
BRDA:1,0,0,0
BRF:1
BRH:0
end_of_record
TN:
SF:src/components/Header/Navigation.astro
FN:1,(empty-report)
FNF:1
FNH:0
FNDA:0,(empty-report)
DA:1,0
DA:2,0
DA:3,0
DA:40,0
DA:41,0
LF:5
LH:0
BRDA:1,0,0,0
BRF:1
BRH:0
end_of_record
TN:
SF:src/components/Header/ThemeSwitcher.astro
FN:1,(empty-report)
FNF:1
FNH:0
FNDA:0,(empty-report)
DA:1,0
LF:1
LH:0
BRDA:1,0,0,0
BRF:1
BRH:0
end_of_record
TN:
SF:src/components/Header/UserMenu.astro
FN:1,(empty-report)
FNF:1
FNH:0
FNDA:0,(empty-report)
DA:1,0
DA:2,0
DA:3,0
DA:5,0
DA:7,0
DA:8,0
DA:9,0
DA:10,0
DA:11,0
DA:14,0
DA:17,0
DA:21,0
DA:23,0
DA:27,0
DA:29,0
DA:40,0
LF:16
LH:0
BRDA:1,0,0,0
BRF:1
BRH:0
end_of_record
TN:
SF:src/components/UI/Alert.astro
FN:1,(empty-report)
FNF:1
FNH:0
FNDA:0,(empty-report)
DA:1,0
DA:9,0
DA:10,0
DA:11,0
DA:12,0
DA:13,0
DA:14,0
DA:16,0
DA:17,0
DA:18,0
DA:19,0
DA:20,0
DA:24,0
DA:25,0
DA:26,0
DA:28,0
LF:16
LH:0
BRDA:1,0,0,0
BRF:1
BRH:0
end_of_record
TN:
SF:src/components/UI/Button.astro
FN:1,(empty-report)
FNF:1
FNH:0
FNDA:0,(empty-report)
DA:1,0
DA:13,0
DA:14,0
DA:15,0
DA:16,0
DA:17,0
DA:18,0
DA:19,0
DA:20,0
DA:21,0
DA:22,0
DA:24,0
DA:25,0
DA:26,0
DA:27,0
DA:28,0
DA:29,0
DA:30,0
DA:31,0
DA:34,0
DA:35,0
DA:36,0
DA:37,0
DA:38,0
DA:40,0
LF:25
LH:0
BRDA:1,0,0,0
BRF:1
BRH:0
end_of_record
TN:
SF:src/components/UI/FormGroup.astro
FN:1,(empty-report)
FNF:1
FNH:0
FNDA:0,(empty-report)
DA:1,0
DA:11,0
DA:12,0
DA:13,0
DA:14,0
DA:15,0
DA:16,0
DA:17,0
DA:18,0
DA:20,0
DA:21,0
DA:22,0
DA:23,0
DA:26,0
DA:27,0
DA:28,0
DA:29,0
DA:30,0
DA:32,0
DA:34,0
DA:36,0
DA:37,0
DA:38,0
DA:40,0
DA:41,0
DA:42,0
LF:26
LH:0
BRDA:1,0,0,0
BRF:1
BRH:0
end_of_record
TN:
SF:src/components/UI/Input.astro
FN:1,(empty-report)
FNF:1
FNH:0
FNDA:0,(empty-report)
DA:1,0
DA:15,0
DA:16,0
DA:17,0
DA:18,0
DA:19,0
DA:20,0
DA:21,0
DA:22,0
DA:23,0
DA:24,0
DA:25,0
DA:26,0
DA:28,0
DA:29,0
DA:30,0
DA:31,0
DA:32,0
DA:35,0
DA:36,0
DA:37,0
DA:38,0
DA:39,0
DA:40,0
DA:41,0
DA:42,0
DA:43,0
DA:44,0
LF:28
LH:0
BRDA:1,0,0,0
BRF:1
BRH:0
end_of_record
TN:
SF:src/layouts/BaseLayout.astro
FN:1,(empty-report)
FNF:1
FNH:0
FNDA:0,(empty-report)
DA:1,0
DA:2,0
DA:4,0
DA:5,0
DA:26,0
DA:27,0
DA:28,0
DA:29,0
DA:30,0
DA:31,0
DA:32,0
DA:33,0
DA:34,0
DA:35,0
DA:36,0
DA:37,0
DA:38,0
DA:39,0
DA:40,0
DA:41,0
DA:42,0
DA:43,0
DA:44,0
DA:51,0
DA:56,0
DA:57,0
DA:104,0
DA:105,0
DA:106,0
DA:107,0
DA:110,0
DA:111,0
DA:112,0
DA:114,0
DA:118,0
DA:119,0
DA:120,0
DA:123,0
DA:126,0
DA:127,0
DA:128,0
DA:131,0
DA:132,0
DA:133,0
DA:136,0
DA:137,0
DA:138,0
DA:141,0
DA:142,0
DA:143,0
DA:144,0
DA:145,0
DA:147,0
DA:151,0
DA:153,0
LF:55
LH:0
BRDA:1,0,0,0
BRF:1
BRH:0
end_of_record
TN:
SF:src/lib/auth-client.ts
FN:1,(empty-report)
FNF:1
FNH:0
FNDA:0,(empty-report)
DA:1,0
DA:2,0
DA:4,0
DA:5,0
DA:6,0
DA:7,0
DA:8,0
LF:7
LH:0
BRDA:1,0,0,0
BRF:1
BRH:0
end_of_record
TN:
SF:src/lib/auth.ts
FN:1,(empty-report)
FNF:1
FNH:0
FNDA:0,(empty-report)
DA:1,0
DA:2,0
DA:3,0
DA:4,0
DA:5,0
DA:6,0
DA:8,0
DA:10,0
DA:11,0
DA:12,0
DA:13,0
DA:16,0
DA:17,0
DA:20,0
DA:21,0
DA:22,0
DA:23,0
DA:24,0
DA:26,0
DA:27,0
DA:30,0
DA:31,0
DA:32,0
DA:33,0
DA:36,0
DA:37,0
DA:39,0
DA:41,0
DA:42,0
DA:45,0
DA:47,0
DA:49,0
DA:50,0
DA:52,0
DA:54,0
DA:55,0
DA:57,0
DA:59,0
DA:60,0
DA:61,0
DA:63,0
DA:65,0
DA:66,0
DA:67,0
DA:70,0
DA:71,0
DA:72,0
DA:75,0
DA:76,0
DA:77,0
DA:80,0
DA:81,0
DA:82,0
DA:83,0
DA:85,0
DA:86,0
DA:87,0
DA:88,0
DA:89,0
DA:92,0
DA:93,0
DA:95,0
DA:101,0
DA:164,0
DA:168,0
DA:169,0
DA:170,0
DA:171,0
DA:172,0
DA:173,0
DA:174,0
DA:194,0
DA:195,0
DA:197,0
DA:210,0
DA:212,0
DA:214,0
DA:215,0
DA:216,0
DA:217,0
DA:218,0
DA:219,0
DA:221,0
DA:222,0
DA:224,0
DA:225,0
DA:226,0
DA:227,0
DA:228,0
DA:229,0
DA:230,0
LF:91
LH:0
BRDA:1,0,0,0
BRF:1
BRH:0
end_of_record
TN:
SF:src/lib/error-messages.ts
FN:17,mapErrorMessage
FN:113,getSuccessMessage
FN:143,getLoadingMessage
FNF:3
FNH:3
FNDA:35,mapErrorMessage
FNDA:12,getSuccessMessage
FNDA:10,getLoadingMessage
DA:17,1
DA:18,35
DA:20,35
DA:23,35
DA:24,3
DA:25,3
DA:26,35
DA:27,1
DA:28,1
DA:29,35
DA:30,1
DA:31,1
DA:32,35
DA:33,1
DA:34,1
DA:37,35
DA:38,2
DA:39,2
DA:40,35
DA:41,1
DA:42,1
DA:43,35
DA:44,1
DA:45,1
DA:46,35
DA:47,1
DA:48,1
DA:49,35
DA:50,1
DA:51,1
DA:54,35
DA:55,2
DA:56,2
DA:57,35
DA:58,2
DA:59,2
DA:60,35
DA:61,1
DA:62,1
DA:63,35
DA:64,1
DA:65,1
DA:68,35
DA:69,1
DA:70,1
DA:71,35
DA:72,1
DA:73,1
DA:76,35
DA:77,2
DA:78,2
DA:81,35
DA:82,2
DA:83,2
DA:84,35
DA:85,2
DA:86,2
DA:89,35
DA:90,1
DA:91,1
DA:92,35
DA:93,1
DA:94,1
DA:95,35
DA:96,1
DA:97,1
DA:98,35
DA:99,1
DA:100,1
DA:103,2
DA:104,2
DA:105,2
DA:113,1
DA:114,12
DA:115,12
DA:116,2
DA:117,12
DA:118,1
DA:119,12
DA:120,1
DA:121,12
DA:122,1
DA:123,12
DA:124,1
DA:125,12
DA:126,1
DA:127,12
DA:128,1
DA:129,12
DA:130,1
DA:131,12
DA:132,1
DA:133,12
DA:134,2
DA:135,12
DA:136,12
DA:143,1
DA:144,10
DA:145,10
DA:146,1
DA:147,10
DA:148,1
DA:149,10
DA:150,1
DA:151,10
DA:152,1
DA:153,10
DA:154,1
DA:155,10
DA:156,1
DA:157,10
DA:158,1
DA:159,10
DA:160,1
DA:161,10
DA:162,2
DA:163,10
DA:164,10
LF:118
LH:118
BRDA:17,0,0,35
BRDA:18,1,0,30
BRDA:18,2,0,5
BRDA:18,3,0,3
BRDA:20,4,0,3
BRDA:20,5,0,32
BRDA:23,6,0,30
BRDA:23,7,0,3
BRDA:25,8,0,29
BRDA:26,9,0,1
BRDA:28,10,0,28
BRDA:29,11,0,1
BRDA:31,12,0,27
BRDA:32,13,0,1
BRDA:34,14,0,26
BRDA:37,15,0,25
BRDA:37,16,0,2
BRDA:39,17,0,24
BRDA:40,18,0,1
BRDA:42,19,0,23
BRDA:43,20,0,1
BRDA:45,21,0,22
BRDA:46,22,0,1
BRDA:48,23,0,21
BRDA:49,24,0,1
BRDA:51,25,0,20
BRDA:54,26,0,19
BRDA:54,27,0,2
BRDA:56,28,0,18
BRDA:57,29,0,17
BRDA:57,30,0,2
BRDA:59,31,0,16
BRDA:60,32,0,1
BRDA:62,33,0,15
BRDA:63,34,0,1
BRDA:65,35,0,14
BRDA:68,36,0,1
BRDA:70,37,0,13
BRDA:71,38,0,1
BRDA:73,39,0,12
BRDA:76,40,0,11
BRDA:76,41,0,2
BRDA:78,42,0,10
BRDA:81,43,0,9
BRDA:81,44,0,2
BRDA:83,45,0,8
BRDA:84,46,0,7
BRDA:84,47,0,2
BRDA:86,48,0,6
BRDA:89,49,0,1
BRDA:91,50,0,5
BRDA:92,51,0,1
BRDA:94,52,0,4
BRDA:95,53,0,1
BRDA:97,54,0,3
BRDA:98,55,0,1
BRDA:100,56,0,2
BRDA:113,57,0,12
BRDA:115,58,0,2
BRDA:117,59,0,1
BRDA:119,60,0,1
BRDA:121,61,0,1
BRDA:123,62,0,1
BRDA:125,63,0,1
BRDA:127,64,0,1
BRDA:129,65,0,1
BRDA:131,66,0,1
BRDA:133,67,0,2
BRDA:143,68,0,10
BRDA:145,69,0,1
BRDA:147,70,0,1
BRDA:149,71,0,1
BRDA:151,72,0,1
BRDA:153,73,0,1
BRDA:155,74,0,1
BRDA:157,75,0,1
BRDA:159,76,0,1
BRDA:161,77,0,2
BRF:78
BRH:78
end_of_record
TN:
SF:src/lib/prisma.ts
FN:1,(empty-report)
FNF:1
FNH:0
FNDA:0,(empty-report)
DA:1,0
DA:3,0
DA:5,0
LF:3
LH:0
BRDA:1,0,0,0
BRF:1
BRH:0
end_of_record
TN:
SF:src/lib/security.ts
FN:6,isValidEmail
FN:14,validatePassword
FN:56,validateUsername
FN:90,sanitizeHtml
FN:102,isValidOTP
FN:111,checkRateLimit
FN:131,cleanupRateLimit
FNF:7
FNH:7
FNDA:14,isValidEmail
FNDA:16,validatePassword
FNDA:20,validateUsername
FNDA:4,sanitizeHtml
FNDA:11,isValidOTP
FNDA:23,checkRateLimit
FNDA:5,cleanupRateLimit
DA:6,1
DA:7,14
DA:8,14
DA:9,14
DA:14,1
DA:15,16
DA:17,16
DA:18,5
DA:19,5
DA:21,16
DA:22,1
DA:23,1
DA:25,16
DA:26,3
DA:27,3
DA:29,16
DA:30,7
DA:31,7
DA:33,16
DA:34,5
DA:35,5
DA:37,16
DA:38,7
DA:39,7
DA:42,16
DA:43,16
DA:44,6
DA:45,6
DA:47,16
DA:48,16
DA:49,16
DA:50,16
DA:51,16
DA:56,1
DA:57,20
DA:59,20
DA:60,1
DA:61,1
DA:63,20
DA:64,1
DA:65,1
DA:67,20
DA:68,4
DA:69,4
DA:71,20
DA:72,4
DA:73,4
DA:76,20
DA:77,20
DA:78,5
DA:79,5
DA:81,20
DA:82,20
DA:83,20
DA:84,20
DA:85,20
DA:90,1
DA:91,4
DA:92,4
DA:93,4
DA:94,4
DA:95,4
DA:96,4
DA:97,4
DA:102,1
DA:103,11
DA:104,11
DA:109,1
DA:111,1
DA:112,23
DA:113,23
DA:115,23
DA:116,6
DA:117,6
DA:118,6
DA:120,23
DA:121,3
DA:122,3
DA:124,14
DA:125,14
DA:126,14
DA:131,1
DA:132,5
DA:133,5
DA:134,11
DA:135,0
DA:136,0
DA:137,11
DA:138,5
DA:141,1
DA:142,1
DA:143,1
LF:92
LH:90
BRDA:6,0,0,14
BRDA:8,1,0,8
BRDA:14,2,0,16
BRDA:17,3,0,5
BRDA:21,4,0,1
BRDA:25,5,0,3
BRDA:29,6,0,7
BRDA:33,7,0,5
BRDA:37,8,0,7
BRDA:43,9,0,6
BRDA:56,10,0,20
BRDA:59,11,0,1
BRDA:63,12,0,1
BRDA:67,13,0,4
BRDA:71,14,0,18
BRDA:71,15,0,4
BRDA:77,16,0,5
BRDA:90,17,0,4
BRDA:102,18,0,11
BRDA:111,19,0,23
BRDA:115,20,0,17
BRDA:115,21,0,6
BRDA:118,22,0,17
BRDA:120,23,0,3
BRDA:122,24,0,14
BRDA:131,25,0,5
BRDA:133,26,0,11
BRDA:134,27,0,0
BRF:28
BRH:27
end_of_record
TN:
SF:src/lib/smtp.ts
FN:45,getDetailedErrorMessage
FN:154,validateSmtpConfig
FN:186,testSmtpConnection
FN:247,createSmtpTransporter
FN:253,isValidEmail
FN:259,validateEmailOptions
FN:297,sendEmail
FN:365,sendTestEmail
FNF:8
FNH:7
FNDA:8,getDetailedErrorMessage
FNDA:10,validateSmtpConfig
FNDA:7,testSmtpConnection
FNDA:4,createSmtpTransporter
FNDA:8,isValidEmail
FNDA:9,validateEmailOptions
FNDA:9,sendEmail
FNDA:0,sendTestEmail
DA:1,1
DA:4,1
DA:5,1
DA:6,1
DA:7,1
DA:8,1
DA:9,1
DA:10,1
DA:11,1
DA:13,1
DA:14,1
DA:15,1
DA:16,1
DA:45,8
DA:46,8
DA:47,8
DA:50,8
DA:51,8
DA:52,8
DA:53,8
DA:54,8
DA:55,8
DA:56,8
DA:57,8
DA:58,8
DA:59,8
DA:60,8
DA:61,8
DA:62,8
DA:63,8
DA:64,8
DA:65,8
DA:66,8
DA:67,8
DA:68,8
DA:69,8
DA:70,8
DA:71,8
DA:72,8
DA:73,8
DA:74,8
DA:75,8
DA:76,8
DA:77,8
DA:78,8
DA:79,8
DA:80,8
DA:81,8
DA:82,8
DA:83,8
DA:84,8
DA:85,8
DA:86,8
DA:87,8
DA:90,8
DA:91,8
DA:92,8
DA:93,8
DA:94,8
DA:95,8
DA:96,8
DA:97,8
DA:98,8
DA:99,8
DA:100,8
DA:101,8
DA:102,8
DA:103,8
DA:104,8
DA:105,8
DA:106,8
DA:107,8
DA:108,8
DA:109,8
DA:110,8
DA:111,8
DA:112,8
DA:113,8
DA:114,8
DA:115,8
DA:116,8
DA:117,8
DA:118,8
DA:119,8
DA:120,8
DA:121,8
DA:122,8
DA:123,8
DA:126,8
DA:127,5
DA:128,5
DA:129,5
DA:130,5
DA:131,5
DA:132,5
DA:135,8
DA:136,24
DA:137,0
DA:138,0
DA:139,0
DA:140,0
DA:141,0
DA:142,0
DA:143,24
DA:146,3
DA:147,3
DA:148,3
DA:149,8
DA:150,8
DA:151,8
DA:154,10
DA:155,10
DA:157,10
DA:158,0
DA:159,0
DA:161,10
DA:162,0
DA:163,0
DA:165,10
DA:166,0
DA:167,0
DA:169,10
DA:170,0
DA:171,0
DA:174,10
DA:175,10
DA:176,0
DA:177,0
DA:179,10
DA:180,10
DA:181,10
DA:182,10
DA:183,10
DA:186,7
DA:187,7
DA:189,7
DA:191,7
DA:192,7
DA:193,0
DA:194,0
DA:195,0
DA:196,0
DA:197,0
DA:198,0
DA:199,0
DA:200,0
DA:202,7
DA:205,7
DA:206,7
DA:207,7
DA:208,7
DA:209,7
DA:210,7
DA:212,1
DA:213,1
DA:214,1
DA:215,1
DA:216,1
DA:217,1
DA:218,1
DA:219,1
DA:220,1
DA:221,1
DA:222,1
DA:223,1
DA:224,7
DA:225,7
DA:226,7
DA:227,7
DA:228,6
DA:229,6
DA:230,6
DA:231,6
DA:233,6
DA:235,6
DA:236,6
DA:237,6
DA:238,6
DA:239,6
DA:240,6
DA:241,6
DA:242,6
DA:243,6
DA:244,7
DA:247,4
DA:248,4
DA:249,4
DA:250,4
DA:253,8
DA:254,8
DA:255,8
DA:256,8
DA:259,9
DA:260,9
DA:262,9
DA:263,1
DA:264,9
DA:265,1
DA:266,1
DA:268,9
DA:269,2
DA:270,9
DA:271,1
DA:272,1
DA:274,9
DA:275,2
DA:276,2
DA:278,9
DA:279,1
DA:280,1
DA:282,9
DA:283,0
DA:284,0
DA:286,9
DA:287,0
DA:288,0
DA:290,9
DA:291,9
DA:292,9
DA:293,9
DA:294,9
DA:297,9
DA:298,9
DA:300,9
DA:302,9
DA:303,9
DA:304,6
DA:305,6
DA:306,6
DA:307,6
DA:308,6
DA:309,6
DA:310,6
DA:311,6
DA:314,3
DA:315,9
DA:316,0
DA:317,0
DA:318,0
DA:319,0
DA:320,0
DA:321,0
DA:322,0
DA:323,0
DA:325,3
DA:327,3
DA:328,9
DA:329,9
DA:330,9
DA:331,9
DA:332,9
DA:333,9
DA:336,9
DA:337,9
DA:338,9
DA:339,3
DA:340,9
DA:341,9
DA:343,1
DA:344,1
DA:345,1
DA:346,9
DA:347,9
DA:348,9
DA:349,9
DA:350,9
DA:351,2
DA:353,2
DA:354,2
DA:355,2
DA:356,2
DA:357,2
DA:358,2
DA:359,2
DA:360,2
DA:361,2
DA:362,9
DA:365,0
DA:366,0
DA:368,0
DA:370,0
DA:371,0
DA:372,0
DA:373,0
DA:374,0
DA:375,0
DA:376,0
DA:377,0
DA:378,0
DA:380,0
DA:381,0
DA:418,0
DA:422,0
DA:426,0
DA:430,0
DA:434,0
DA:442,0
DA:446,0
DA:450,0
DA:472,0
DA:480,0
DA:481,0
DA:482,0
DA:483,0
DA:484,0
DA:487,0
DA:488,0
DA:489,0
DA:503,0
DA:504,0
DA:505,0
DA:506,0
DA:507,0
DA:508,0
DA:510,0
DA:511,0
DA:512,0
DA:513,0
DA:514,0
DA:515,0
DA:516,0
DA:517,0
DA:518,0
DA:519,0
DA:520,0
DA:521,0
DA:522,0
DA:524,0
DA:525,0
DA:526,0
DA:527,0
DA:528,0
DA:529,0
DA:530,0
DA:531,0
DA:532,0
DA:533,0
LF:337
LH:241
BRDA:5,0,0,0
BRDA:5,1,0,0
BRDA:6,2,0,0
BRDA:6,3,0,0
BRDA:7,4,0,0
BRDA:9,5,0,0
BRDA:9,6,0,0
BRDA:10,7,0,0
BRDA:10,8,0,0
BRDA:45,9,0,8
BRDA:46,10,0,0
BRDA:46,11,0,0
BRDA:47,12,0,3
BRDA:47,13,0,3
BRDA:126,14,0,5
BRDA:132,15,0,3
BRDA:135,16,0,24
BRDA:136,17,0,0
BRDA:143,18,0,3
BRDA:149,19,0,0
BRDA:154,20,0,10
BRDA:157,21,0,0
BRDA:161,22,0,0
BRDA:165,23,0,0
BRDA:169,24,0,0
BRDA:175,25,0,0
BRDA:186,26,0,7
BRDA:192,27,0,0
BRDA:210,28,0,1
BRDA:227,29,0,6
BRDA:207,30,0,7
BRDA:247,31,0,4
BRDA:253,32,0,8
BRDA:259,33,0,9
BRDA:262,34,0,8
BRDA:262,35,0,1
BRDA:264,36,0,8
BRDA:264,37,0,1
BRDA:268,38,0,7
BRDA:268,39,0,2
BRDA:270,40,0,7
BRDA:270,41,0,1
BRDA:274,42,0,2
BRDA:274,43,0,2
BRDA:278,44,0,7
BRDA:278,45,0,1
BRDA:282,46,0,3
BRDA:282,47,0,0
BRDA:286,48,0,0
BRDA:286,49,0,0
BRDA:297,50,0,9
BRDA:303,51,0,6
BRDA:311,52,0,3
BRDA:315,53,0,0
BRDA:323,54,0,3
BRDA:328,55,0,0
BRDA:331,56,0,3
BRDA:332,57,0,3
BRDA:341,58,0,1
BRDA:346,59,0,0
BRDA:350,60,0,2
BRDA:338,61,0,3
BRF:62
BRH:37
end_of_record
TN:
SF:src/lib/client/error-messages.ts
FN:1,(empty-report)
FNF:1
FNH:1
FNDA:1,(empty-report)
DA:8,0
DA:9,0
DA:11,0
DA:13,0
DA:14,0
DA:15,0
DA:16,0
DA:17,0
DA:18,0
DA:19,0
DA:20,0
DA:21,0
DA:22,0
DA:23,0
DA:24,0
DA:26,0
DA:27,0
DA:28,0
DA:29,0
DA:30,0
DA:31,0
DA:32,0
DA:33,0
DA:34,0
DA:35,0
DA:36,0
DA:37,0
DA:38,0
DA:39,0
DA:40,0
DA:42,0
DA:43,0
DA:44,0
DA:45,0
DA:46,0
DA:47,0
DA:48,0
DA:49,0
DA:50,0
DA:51,0
DA:52,0
DA:53,0
DA:55,0
DA:56,0
DA:57,0
DA:58,0
DA:59,0
DA:60,0
DA:62,0
DA:63,0
DA:64,0
DA:65,0
DA:66,0
DA:67,0
DA:68,0
DA:69,0
DA:70,0
DA:72,0
DA:73,0
DA:74,0
DA:75,0
DA:76,0
DA:77,0
DA:78,0
DA:79,0
DA:80,0
DA:81,0
DA:82,0
DA:83,0
DA:85,0
DA:86,0
DA:87,0
DA:89,0
DA:90,0
DA:91,0
DA:92,0
DA:93,0
DA:94,0
DA:95,0
DA:96,0
DA:97,0
DA:98,0
DA:99,0
DA:100,0
DA:101,0
DA:102,0
DA:103,0
DA:104,0
DA:105,0
DA:106,0
DA:107,0
DA:108,0
DA:109,0
DA:110,0
DA:111,0
DA:112,0
DA:114,0
DA:115,0
DA:116,0
DA:117,0
DA:118,0
DA:119,0
DA:120,0
DA:121,0
DA:122,0
DA:123,0
DA:124,0
DA:125,0
DA:126,0
DA:127,0
DA:128,0
DA:129,0
DA:130,0
DA:131,0
DA:132,0
DA:133,0
DA:134,0
DA:135,0
LF:118
LH:0
BRDA:1,0,0,1
BRF:1
BRH:1
end_of_record
TN:
SF:src/pages/admin.astro
FN:1,(empty-report)
FNF:1
FNH:0
FNDA:0,(empty-report)
DA:1,0
DA:2,0
DA:3,0
DA:6,0
DA:7,0
DA:9,0
DA:10,0
DA:11,0
DA:13,0
DA:14,0
DA:15,0
DA:18,0
DA:237,0
LF:13
LH:0
BRDA:1,0,0,0
BRF:1
BRH:0
end_of_record
TN:
SF:src/pages/connexion.astro
FN:1,(empty-report)
FNF:1
FNH:0
FNDA:0,(empty-report)
DA:1,0
DA:2,0
DA:3,0
DA:4,0
DA:5,0
DA:6,0
DA:7,0
DA:10,0
DA:11,0
DA:12,0
DA:13,0
DA:16,0
DA:33,0
DA:34,0
DA:35,0
DA:36,0
DA:37,0
DA:38,0
DA:39,0
DA:41,0
DA:43,0
DA:44,0
DA:45,0
DA:46,0
DA:47,0
DA:48,0
DA:49,0
DA:51,0
DA:61,0
DA:63,0
DA:64,0
DA:71,0
DA:72,0
DA:73,0
DA:74,0
DA:75,0
DA:76,0
DA:77,0
DA:79,0
DA:81,0
DA:82,0
DA:83,0
DA:84,0
DA:85,0
DA:86,0
DA:87,0
DA:89,0
DA:99,0
DA:101,0
DA:102,0
DA:113,0
DA:114,0
DA:115,0
DA:116,0
DA:117,0
DA:118,0
DA:119,0
DA:121,0
DA:123,0
DA:125,0
DA:126,0
DA:135,0
DA:136,0
DA:137,0
DA:138,0
DA:139,0
DA:140,0
DA:141,0
DA:142,0
DA:143,0
DA:145,0
DA:147,0
DA:148,0
DA:150,0
DA:151,0
DA:160,0
LF:76
LH:0
BRDA:1,0,0,0
BRF:1
BRH:0
end_of_record
TN:
SF:src/pages/index.astro
FN:1,(empty-report)
FNF:1
FNH:0
FNDA:0,(empty-report)
DA:1,0
DA:2,0
DA:5,0
DA:6,0
DA:9,0
DA:13,0
DA:15,0
DA:16,0
DA:20,0
DA:24,0
DA:34,0
DA:40,0
DA:66,0
DA:98,0
LF:14
LH:0
BRDA:1,0,0,0
BRF:1
BRH:0
end_of_record
TN:
SF:src/pages/inscription.astro
FN:1,(empty-report)
FNF:1
FNH:0
FNDA:0,(empty-report)
DA:1,0
DA:2,0
DA:3,0
DA:4,0
DA:5,0
DA:6,0
DA:7,0
DA:10,0
DA:11,0
DA:12,0
DA:13,0
DA:16,0
DA:26,0
DA:27,0
DA:28,0
DA:29,0
DA:30,0
DA:31,0
DA:32,0
DA:34,0
DA:36,0
DA:37,0
DA:38,0
DA:39,0
DA:40,0
DA:41,0
DA:42,0
DA:43,0
DA:44,0
DA:45,0
DA:47,0
DA:50,0
DA:51,0
DA:52,0
DA:53,0
DA:54,0
DA:55,0
DA:56,0
DA:58,0
DA:61,0
DA:62,0
DA:63,0
DA:64,0
DA:65,0
DA:66,0
DA:67,0
DA:68,0
DA:71,0
DA:73,0
DA:74,0
DA:75,0
DA:76,0
DA:77,0
DA:78,0
DA:79,0
DA:81,0
DA:108,0
DA:109,0
DA:110,0
DA:111,0
DA:112,0
DA:113,0
DA:115,0
DA:116,0
DA:117,0
DA:118,0
DA:119,0
DA:120,0
DA:121,0
DA:122,0
DA:124,0
DA:129,0
DA:130,0
DA:131,0
DA:132,0
DA:133,0
DA:134,0
DA:136,0
DA:154,0
DA:156,0
DA:157,0
DA:165,0
LF:82
LH:0
BRDA:1,0,0,0
BRF:1
BRH:0
end_of_record
TN:
SF:src/pages/mot-de-passe-oublie.astro
FN:1,(empty-report)
FNF:1
FNH:0
FNDA:0,(empty-report)
DA:1,0
DA:2,0
DA:3,0
DA:4,0
DA:5,0
DA:6,0
DA:7,0
DA:10,0
DA:11,0
DA:12,0
DA:13,0
DA:16,0
DA:27,0
DA:28,0
DA:29,0
DA:30,0
DA:31,0
DA:32,0
DA:33,0
DA:35,0
DA:37,0
DA:39,0
DA:40,0
DA:47,0
DA:48,0
DA:49,0
DA:50,0
DA:51,0
DA:52,0
DA:53,0
DA:54,0
DA:55,0
DA:57,0
DA:59,0
DA:60,0
DA:61,0
DA:62,0
DA:63,0
DA:64,0
DA:65,0
DA:66,0
DA:69,0
DA:71,0
DA:72,0
DA:73,0
DA:74,0
DA:75,0
DA:76,0
DA:77,0
DA:79,0
DA:81,0
DA:82,0
DA:84,0
DA:85,0
DA:95,0
DA:105,0
LF:56
LH:0
BRDA:1,0,0,0
BRF:1
BRH:0
end_of_record
TN:
SF:src/pages/organisations.astro
FN:1,(empty-report)
FNF:1
FNH:0
FNDA:0,(empty-report)
DA:1,0
DA:2,0
DA:3,0
DA:6,0
DA:7,0
DA:9,0
DA:10,0
DA:11,0
DA:14,0
DA:171,0
LF:10
LH:0
BRDA:1,0,0,0
BRF:1
BRH:0
end_of_record
TN:
SF:src/pages/profil.astro
FN:1,(empty-report)
FNF:1
FNH:0
FNDA:0,(empty-report)
DA:1,0
DA:2,0
DA:3,0
DA:6,0
DA:7,0
DA:9,0
DA:10,0
DA:11,0
DA:14,0
DA:32,0
DA:43,0
DA:47,0
DA:51,0
DA:52,0
DA:53,0
DA:58,0
DA:62,0
DA:71,0
DA:75,0
DA:79,0
DA:91,0
DA:115,0
DA:194,0
LF:23
LH:0
BRDA:1,0,0,0
BRF:1
BRH:0
end_of_record
TN:
SF:src/pages/api/auth/[...all].ts
FN:1,(empty-report)
FNF:1
FNH:0
FNDA:0,(empty-report)
DA:1,0
DA:2,0
DA:3,0
DA:4,0
DA:5,0
DA:6,0
DA:7,0
DA:8,0
LF:8
LH:0
BRDA:1,0,0,0
BRF:1
BRH:0
end_of_record
